09:41:42.212 logback-mybatis [restartedMain] INFO  com.dragon.book.BookApplication - Starting BookApplication on AGOE2345-231742 with PID 11600 (E:\IdeaProjects\books\BOOK\target\classes started by Administrator in E:\IdeaProjects\books\BOOK)
09:41:42.223 logback-mybatis [restartedMain] INFO  com.dragon.book.BookApplication - No active profile set, falling back to default profiles: default
09:41:42.422 logback-mybatis [restartedMain] INFO  o.s.b.d.e.DevToolsPropertyDefaultsPostProcessor - Devtools property defaults active! Set 'spring.devtools.add-properties' to 'false' to disable
09:41:42.423 logback-mybatis [restartedMain] INFO  o.s.b.d.e.DevToolsPropertyDefaultsPostProcessor - For additional web related logging consider setting the 'logging.level.web' property to 'DEBUG'
09:41:45.439 logback-mybatis [restartedMain] INFO  o.s.d.r.c.RepositoryConfigurationDelegate - Multiple Spring Data modules found, entering strict repository configuration mode!
09:41:45.446 logback-mybatis [restartedMain] INFO  o.s.d.r.c.RepositoryConfigurationDelegate - Bootstrapping Spring Data repositories in DEFAULT mode.
09:41:45.573 logback-mybatis [restartedMain] INFO  o.s.d.r.c.RepositoryConfigurationDelegate - Finished Spring Data repository scanning in 97ms. Found 0 repository interfaces.
09:41:46.444 logback-mybatis [restartedMain] INFO  o.s.c.s.PostProcessorRegistrationDelegate$BeanPostProcessorChecker - Bean 'org.springframework.ws.config.annotation.DelegatingWsConfiguration' of type [org.springframework.ws.config.annotation.DelegatingWsConfiguration$$EnhancerBySpringCGLIB$$64a9099b] is not eligible for getting processed by all BeanPostProcessors (for example: not eligible for auto-proxying)
09:41:46.530 logback-mybatis [restartedMain] INFO  o.s.w.s.a.s.AnnotationActionEndpointMapping - Supporting [WS-Addressing August 2004, WS-Addressing 1.0]
09:41:46.569 logback-mybatis [restartedMain] INFO  o.s.c.s.PostProcessorRegistrationDelegate$BeanPostProcessorChecker - Bean 'org.springframework.transaction.annotation.ProxyTransactionManagementConfiguration' of type [org.springframework.transaction.annotation.ProxyTransactionManagementConfiguration$$EnhancerBySpringCGLIB$$c011449c] is not eligible for getting processed by all BeanPostProcessors (for example: not eligible for auto-proxying)
09:41:48.439 logback-mybatis [restartedMain] INFO  o.s.b.w.e.tomcat.TomcatWebServer - Tomcat initialized with port(s): 9090 (http)
09:41:48.476 logback-mybatis [restartedMain] INFO  o.a.coyote.http11.Http11NioProtocol - Initializing ProtocolHandler ["http-nio-9090"]
09:41:48.501 logback-mybatis [restartedMain] INFO  o.a.catalina.core.StandardService - Starting service [Tomcat]
09:41:48.503 logback-mybatis [restartedMain] INFO  o.a.catalina.core.StandardEngine - Starting Servlet engine: [Apache Tomcat/9.0.14]
09:41:48.527 logback-mybatis [restartedMain] INFO  o.a.c.core.AprLifecycleListener - The APR based Apache Tomcat Native library which allows optimal performance in production environments was not found on the java.library.path: [C:\Program Files\Java\jdk1.8.0_40\bin;C:\WINDOWS\Sun\Java\bin;C:\WINDOWS\system32;C:\WINDOWS;E:\oracle\product\10.2.0\db_1\bin;C:\Program Files\Java\jdk1.8.0_40\bin;C:\Program Files\Java\jdk1.8.0_40\jre\bin;C:\ProgramData\Oracle\Java\javapath;C:\WINDOWS\system32;C:\WINDOWS;C:\WINDOWS\System32\Wbem;C:\WINDOWS\System32\WindowsPowerShell\v1.0\;C:\Program Files\MySQL\MySQL Server 5.5\bin;C:\WINDOWS\System32\OpenSSH\;C:\Program Files\TortoiseSVN\bin;D:\jarpackage\maven\apache-maven-3.0.5\bin;D:\Program Files\Git\cmd;C:\Users\Administrator\AppData\Local\Microsoft\WindowsApps;;D:\Program Files\JetBrains\IntelliJ IDEA 2018.3.2\bin;;.]
09:41:49.256 logback-mybatis [restartedMain] INFO  org.apache.jasper.servlet.TldScanner - At least one JAR was scanned for TLDs yet contained no TLDs. Enable debug logging for this logger for a complete list of JARs that were scanned but no TLDs were found in them. Skipping unneeded JARs during scanning can improve startup time and JSP compilation time.
09:41:49.267 logback-mybatis [restartedMain] INFO  o.a.c.c.C.[Tomcat].[localhost].[/] - Initializing Spring embedded WebApplicationContext
09:41:49.268 logback-mybatis [restartedMain] INFO  o.s.web.context.ContextLoader - Root WebApplicationContext: initialization completed in 6844 ms
09:41:52.062 logback-mybatis [restartedMain] INFO  o.s.s.c.ThreadPoolTaskExecutor - Initializing ExecutorService 'applicationTaskExecutor'
09:41:52.380 logback-mybatis [restartedMain] INFO  o.s.b.a.w.s.WelcomePageHandlerMapping - Adding welcome page template: index
09:41:54.688 logback-mybatis [restartedMain] INFO  o.s.b.d.a.OptionalLiveReloadServer - LiveReload server is running on port 35729
09:41:54.747 logback-mybatis [restartedMain] INFO  o.a.coyote.http11.Http11NioProtocol - Starting ProtocolHandler ["http-nio-9090"]
09:41:54.825 logback-mybatis [restartedMain] INFO  o.s.b.w.e.tomcat.TomcatWebServer - Tomcat started on port(s): 9090 (http) with context path ''
09:41:54.830 logback-mybatis [restartedMain] INFO  com.dragon.book.BookApplication - Started BookApplication in 14.115 seconds (JVM running for 16.052)
09:42:10.059 logback-mybatis [http-nio-9090-exec-1] INFO  o.a.c.c.C.[Tomcat].[localhost].[/] - Initializing Spring DispatcherServlet 'dispatcherServlet'
09:42:10.060 logback-mybatis [http-nio-9090-exec-1] INFO  o.s.web.servlet.DispatcherServlet - Initializing Servlet 'dispatcherServlet'
09:42:10.096 logback-mybatis [http-nio-9090-exec-1] INFO  o.s.web.servlet.DispatcherServlet - Completed initialization in 36 ms
09:42:10.340 logback-mybatis [http-nio-9090-exec-1] WARN  o.s.w.s.m.s.DefaultHandlerExceptionResolver - Resolved [org.springframework.web.HttpRequestMethodNotSupportedException: Request method 'GET' not supported]
09:42:20.120 logback-mybatis [http-nio-9090-exec-3] INFO  c.d.b.interceptor.LoginInterceptor - username: null
09:42:20.120 logback-mybatis [http-nio-9090-exec-3] INFO  c.d.b.interceptor.LoginInterceptor - >>>: http://localhost:9090/Home
09:42:34.996 logback-mybatis [http-nio-9090-exec-5] WARN  o.s.w.s.m.s.DefaultHandlerExceptionResolver - Resolved [org.springframework.web.HttpRequestMethodNotSupportedException: Request method 'GET' not supported]
09:42:49.638 logback-mybatis [http-nio-9090-exec-8] WARN  o.s.w.s.m.s.DefaultHandlerExceptionResolver - Resolved [org.springframework.web.HttpRequestMethodNotSupportedException: Request method 'GET' not supported]
09:43:50.190 logback-mybatis [http-nio-9090-exec-3] INFO  c.d.b.interceptor.LoginInterceptor - username: null
09:43:50.190 logback-mybatis [http-nio-9090-exec-3] INFO  c.d.b.interceptor.LoginInterceptor - >>>: http://localhost:9090/Home
09:43:54.387 logback-mybatis [http-nio-9090-exec-5] INFO  com.zaxxer.hikari.HikariDataSource - HikariPool-1 - Starting...
09:43:54.769 logback-mybatis [http-nio-9090-exec-5] INFO  com.zaxxer.hikari.HikariDataSource - HikariPool-1 - Start completed.
09:43:55.377 logback-mybatis [http-nio-9090-exec-6] INFO  c.d.b.interceptor.LoginInterceptor - username: admin
09:43:55.377 logback-mybatis [http-nio-9090-exec-6] INFO  c.d.b.interceptor.LoginInterceptor - >>>: http://localhost:9090/Home
09:51:55.010 logback-mybatis [http-nio-9090-exec-9] INFO  c.d.b.interceptor.LoginInterceptor - username: admin
09:51:55.011 logback-mybatis [http-nio-9090-exec-9] INFO  c.d.b.interceptor.LoginInterceptor - >>>: http://localhost:9090/logout
09:52:02.912 logback-mybatis [http-nio-9090-exec-2] INFO  c.d.b.interceptor.LoginInterceptor - username: admin12
09:52:02.916 logback-mybatis [http-nio-9090-exec-2] INFO  c.d.b.interceptor.LoginInterceptor - >>>: http://localhost:9090/Home
09:52:04.769 logback-mybatis [http-nio-9090-exec-3] INFO  c.d.b.interceptor.LoginInterceptor - username: admin12
09:52:04.769 logback-mybatis [http-nio-9090-exec-3] INFO  c.d.b.interceptor.LoginInterceptor - >>>: http://localhost:9090/search
09:52:04.776 logback-mybatis [http-nio-9090-exec-3] WARN  o.s.w.s.m.s.DefaultHandlerExceptionResolver - Resolved [org.springframework.web.bind.MissingServletRequestParameterException: Required String parameter 'dim' is not present]
09:52:06.688 logback-mybatis [http-nio-9090-exec-4] INFO  c.d.b.interceptor.LoginInterceptor - username: admin12
09:52:06.688 logback-mybatis [http-nio-9090-exec-4] INFO  c.d.b.interceptor.LoginInterceptor - >>>: http://localhost:9090/search
09:52:06.688 logback-mybatis [http-nio-9090-exec-4] WARN  o.s.w.s.m.s.DefaultHandlerExceptionResolver - Resolved [org.springframework.web.bind.MissingServletRequestParameterException: Required String parameter 'dim' is not present]
09:52:43.261 logback-mybatis [http-nio-9090-exec-7] INFO  c.d.b.interceptor.LoginInterceptor - username: admin12
09:52:43.261 logback-mybatis [http-nio-9090-exec-7] INFO  c.d.b.interceptor.LoginInterceptor - >>>: http://localhost:9090/Home
09:52:45.123 logback-mybatis [http-nio-9090-exec-8] INFO  c.d.b.interceptor.LoginInterceptor - username: admin12
09:52:45.123 logback-mybatis [http-nio-9090-exec-8] INFO  c.d.b.interceptor.LoginInterceptor - >>>: http://localhost:9090/sea
09:52:45.847 logback-mybatis [http-nio-9090-exec-9] INFO  c.d.b.interceptor.LoginInterceptor - username: admin12
09:52:45.848 logback-mybatis [http-nio-9090-exec-9] INFO  c.d.b.interceptor.LoginInterceptor - >>>: http://localhost:9090/search
09:52:50.737 logback-mybatis [http-nio-9090-exec-10] INFO  c.d.b.interceptor.LoginInterceptor - username: admin12
09:52:50.737 logback-mybatis [http-nio-9090-exec-10] INFO  c.d.b.interceptor.LoginInterceptor - >>>: http://localhost:9090/borrow
09:52:58.353 logback-mybatis [http-nio-9090-exec-2] INFO  c.d.b.interceptor.LoginInterceptor - username: admin12
09:52:58.353 logback-mybatis [http-nio-9090-exec-2] INFO  c.d.b.interceptor.LoginInterceptor - >>>: http://localhost:9090/doBorrow
09:52:58.392 logback-mybatis [http-nio-9090-exec-3] INFO  c.d.b.interceptor.LoginInterceptor - username: admin12
09:52:58.392 logback-mybatis [http-nio-9090-exec-3] INFO  c.d.b.interceptor.LoginInterceptor - >>>: http://localhost:9090/sea
10:10:26.973 logback-mybatis [restartedMain] INFO  com.dragon.book.BookApplication - Starting BookApplication on AGOE2345-231742 with PID 1940 (E:\IdeaProjects\books\BOOK\target\classes started by Administrator in E:\IdeaProjects\books\BOOK)
10:10:26.979 logback-mybatis [restartedMain] INFO  com.dragon.book.BookApplication - No active profile set, falling back to default profiles: default
10:10:27.355 logback-mybatis [restartedMain] INFO  o.s.b.d.e.DevToolsPropertyDefaultsPostProcessor - Devtools property defaults active! Set 'spring.devtools.add-properties' to 'false' to disable
10:10:27.356 logback-mybatis [restartedMain] INFO  o.s.b.d.e.DevToolsPropertyDefaultsPostProcessor - For additional web related logging consider setting the 'logging.level.web' property to 'DEBUG'
10:10:31.830 logback-mybatis [restartedMain] INFO  o.s.d.r.c.RepositoryConfigurationDelegate - Multiple Spring Data modules found, entering strict repository configuration mode!
10:10:31.835 logback-mybatis [restartedMain] INFO  o.s.d.r.c.RepositoryConfigurationDelegate - Bootstrapping Spring Data repositories in DEFAULT mode.
10:10:31.984 logback-mybatis [restartedMain] INFO  o.s.d.r.c.RepositoryConfigurationDelegate - Finished Spring Data repository scanning in 117ms. Found 0 repository interfaces.
10:10:32.785 logback-mybatis [restartedMain] INFO  o.s.c.s.PostProcessorRegistrationDelegate$BeanPostProcessorChecker - Bean 'org.springframework.ws.config.annotation.DelegatingWsConfiguration' of type [org.springframework.ws.config.annotation.DelegatingWsConfiguration$$EnhancerBySpringCGLIB$$eea3badd] is not eligible for getting processed by all BeanPostProcessors (for example: not eligible for auto-proxying)
10:10:32.851 logback-mybatis [restartedMain] INFO  o.s.w.s.a.s.AnnotationActionEndpointMapping - Supporting [WS-Addressing August 2004, WS-Addressing 1.0]
10:10:32.891 logback-mybatis [restartedMain] INFO  o.s.c.s.PostProcessorRegistrationDelegate$BeanPostProcessorChecker - Bean 'org.springframework.transaction.annotation.ProxyTransactionManagementConfiguration' of type [org.springframework.transaction.annotation.ProxyTransactionManagementConfiguration$$EnhancerBySpringCGLIB$$4a0bf5de] is not eligible for getting processed by all BeanPostProcessors (for example: not eligible for auto-proxying)
10:10:34.771 logback-mybatis [restartedMain] INFO  o.s.b.w.e.tomcat.TomcatWebServer - Tomcat initialized with port(s): 9090 (http)
10:10:34.797 logback-mybatis [restartedMain] INFO  o.a.coyote.http11.Http11NioProtocol - Initializing ProtocolHandler ["http-nio-9090"]
10:10:34.815 logback-mybatis [restartedMain] INFO  o.a.catalina.core.StandardService - Starting service [Tomcat]
10:10:34.816 logback-mybatis [restartedMain] INFO  o.a.catalina.core.StandardEngine - Starting Servlet engine: [Apache Tomcat/9.0.14]
10:10:34.843 logback-mybatis [restartedMain] INFO  o.a.c.core.AprLifecycleListener - The APR based Apache Tomcat Native library which allows optimal performance in production environments was not found on the java.library.path: [C:\Program Files\Java\jdk1.8.0_40\bin;C:\WINDOWS\Sun\Java\bin;C:\WINDOWS\system32;C:\WINDOWS;E:\oracle\product\10.2.0\db_1\bin;C:\Program Files\Java\jdk1.8.0_40\bin;C:\Program Files\Java\jdk1.8.0_40\jre\bin;C:\ProgramData\Oracle\Java\javapath;C:\WINDOWS\system32;C:\WINDOWS;C:\WINDOWS\System32\Wbem;C:\WINDOWS\System32\WindowsPowerShell\v1.0\;C:\Program Files\MySQL\MySQL Server 5.5\bin;C:\WINDOWS\System32\OpenSSH\;C:\Program Files\TortoiseSVN\bin;D:\jarpackage\maven\apache-maven-3.0.5\bin;D:\Program Files\Git\cmd;C:\Users\Administrator\AppData\Local\Microsoft\WindowsApps;;D:\Program Files\JetBrains\IntelliJ IDEA 2018.3.2\bin;;.]
10:10:35.738 logback-mybatis [restartedMain] INFO  org.apache.jasper.servlet.TldScanner - At least one JAR was scanned for TLDs yet contained no TLDs. Enable debug logging for this logger for a complete list of JARs that were scanned but no TLDs were found in them. Skipping unneeded JARs during scanning can improve startup time and JSP compilation time.
10:10:35.748 logback-mybatis [restartedMain] INFO  o.a.c.c.C.[Tomcat].[localhost].[/] - Initializing Spring embedded WebApplicationContext
10:10:35.749 logback-mybatis [restartedMain] INFO  o.s.web.context.ContextLoader - Root WebApplicationContext: initialization completed in 8393 ms
10:10:39.593 logback-mybatis [restartedMain] INFO  o.s.s.c.ThreadPoolTaskExecutor - Initializing ExecutorService 'applicationTaskExecutor'
10:10:40.014 logback-mybatis [restartedMain] INFO  o.s.b.a.w.s.WelcomePageHandlerMapping - Adding welcome page template: index
10:10:43.102 logback-mybatis [restartedMain] INFO  o.s.b.d.a.OptionalLiveReloadServer - LiveReload server is running on port 35729
10:10:43.164 logback-mybatis [restartedMain] INFO  o.a.coyote.http11.Http11NioProtocol - Starting ProtocolHandler ["http-nio-9090"]
10:10:43.241 logback-mybatis [restartedMain] INFO  o.s.b.w.e.tomcat.TomcatWebServer - Tomcat started on port(s): 9090 (http) with context path ''
10:10:43.247 logback-mybatis [restartedMain] INFO  com.dragon.book.BookApplication - Started BookApplication in 17.931 seconds (JVM running for 19.734)
10:10:49.297 logback-mybatis [http-nio-9090-exec-1] INFO  o.a.c.c.C.[Tomcat].[localhost].[/] - Initializing Spring DispatcherServlet 'dispatcherServlet'
10:10:49.298 logback-mybatis [http-nio-9090-exec-1] INFO  o.s.web.servlet.DispatcherServlet - Initializing Servlet 'dispatcherServlet'
10:10:49.314 logback-mybatis [http-nio-9090-exec-1] INFO  o.s.web.servlet.DispatcherServlet - Completed initialization in 16 ms
10:10:49.370 logback-mybatis [http-nio-9090-exec-1] INFO  c.d.b.interceptor.LoginInterceptor - username: null
10:10:49.370 logback-mybatis [http-nio-9090-exec-1] INFO  c.d.b.interceptor.LoginInterceptor - >>>: http://localhost:9090/sea
10:10:52.606 logback-mybatis [http-nio-9090-exec-3] INFO  com.zaxxer.hikari.HikariDataSource - HikariPool-1 - Starting...
10:10:52.877 logback-mybatis [http-nio-9090-exec-3] INFO  com.zaxxer.hikari.HikariDataSource - HikariPool-1 - Start completed.
10:10:53.459 logback-mybatis [http-nio-9090-exec-4] INFO  c.d.b.interceptor.LoginInterceptor - username: admin12
10:10:53.460 logback-mybatis [http-nio-9090-exec-4] INFO  c.d.b.interceptor.LoginInterceptor - >>>: http://localhost:9090/Home
10:10:55.492 logback-mybatis [http-nio-9090-exec-5] INFO  c.d.b.interceptor.LoginInterceptor - username: admin12
10:10:55.492 logback-mybatis [http-nio-9090-exec-5] INFO  c.d.b.interceptor.LoginInterceptor - >>>: http://localhost:9090/sea
10:10:55.996 logback-mybatis [http-nio-9090-exec-6] INFO  c.d.b.interceptor.LoginInterceptor - username: admin12
10:10:55.996 logback-mybatis [http-nio-9090-exec-6] INFO  c.d.b.interceptor.LoginInterceptor - >>>: http://localhost:9090/search
10:11:12.227 logback-mybatis [http-nio-9090-exec-8] INFO  c.d.b.interceptor.LoginInterceptor - username: admin12
10:11:12.227 logback-mybatis [http-nio-9090-exec-8] INFO  c.d.b.interceptor.LoginInterceptor - >>>: http://localhost:9090/search
10:11:17.558 logback-mybatis [http-nio-9090-exec-9] INFO  c.d.b.interceptor.LoginInterceptor - username: admin12
10:11:17.558 logback-mybatis [http-nio-9090-exec-9] INFO  c.d.b.interceptor.LoginInterceptor - >>>: http://localhost:9090/search
10:11:20.680 logback-mybatis [http-nio-9090-exec-10] INFO  c.d.b.interceptor.LoginInterceptor - username: admin12
10:11:20.680 logback-mybatis [http-nio-9090-exec-10] INFO  c.d.b.interceptor.LoginInterceptor - >>>: http://localhost:9090/search
10:11:23.592 logback-mybatis [http-nio-9090-exec-1] INFO  c.d.b.interceptor.LoginInterceptor - username: admin12
10:11:23.593 logback-mybatis [http-nio-9090-exec-1] INFO  c.d.b.interceptor.LoginInterceptor - >>>: http://localhost:9090/search
10:11:26.345 logback-mybatis [http-nio-9090-exec-2] INFO  c.d.b.interceptor.LoginInterceptor - username: admin12
10:11:26.345 logback-mybatis [http-nio-9090-exec-2] INFO  c.d.b.interceptor.LoginInterceptor - >>>: http://localhost:9090/search
10:11:29.688 logback-mybatis [http-nio-9090-exec-3] INFO  c.d.b.interceptor.LoginInterceptor - username: admin12
10:11:29.688 logback-mybatis [http-nio-9090-exec-3] INFO  c.d.b.interceptor.LoginInterceptor - >>>: http://localhost:9090/search
10:11:30.568 logback-mybatis [http-nio-9090-exec-4] INFO  c.d.b.interceptor.LoginInterceptor - username: admin12
10:11:30.569 logback-mybatis [http-nio-9090-exec-4] INFO  c.d.b.interceptor.LoginInterceptor - >>>: http://localhost:9090/search
10:11:32.998 logback-mybatis [http-nio-9090-exec-5] INFO  c.d.b.interceptor.LoginInterceptor - username: admin12
10:11:32.998 logback-mybatis [http-nio-9090-exec-5] INFO  c.d.b.interceptor.LoginInterceptor - >>>: http://localhost:9090/search
10:11:39.039 logback-mybatis [http-nio-9090-exec-6] INFO  c.d.b.interceptor.LoginInterceptor - username: admin12
10:11:39.039 logback-mybatis [http-nio-9090-exec-6] INFO  c.d.b.interceptor.LoginInterceptor - >>>: http://localhost:9090/search
10:11:42.765 logback-mybatis [http-nio-9090-exec-7] INFO  c.d.b.interceptor.LoginInterceptor - username: admin12
10:11:42.765 logback-mybatis [http-nio-9090-exec-7] INFO  c.d.b.interceptor.LoginInterceptor - >>>: http://localhost:9090/search
10:11:45.056 logback-mybatis [http-nio-9090-exec-8] INFO  c.d.b.interceptor.LoginInterceptor - username: admin12
10:11:45.056 logback-mybatis [http-nio-9090-exec-8] INFO  c.d.b.interceptor.LoginInterceptor - >>>: http://localhost:9090/search
10:15:56.649 logback-mybatis [http-nio-9090-exec-10] INFO  c.d.b.interceptor.LoginInterceptor - username: admin12
10:15:56.649 logback-mybatis [http-nio-9090-exec-10] INFO  c.d.b.interceptor.LoginInterceptor - >>>: http://localhost:9090/logout
10:15:59.535 logback-mybatis [http-nio-9090-exec-3] INFO  c.d.b.interceptor.LoginInterceptor - username: admin
10:15:59.536 logback-mybatis [http-nio-9090-exec-3] INFO  c.d.b.interceptor.LoginInterceptor - >>>: http://localhost:9090/Home
10:16:02.133 logback-mybatis [http-nio-9090-exec-4] INFO  c.d.b.interceptor.LoginInterceptor - username: admin
10:16:02.133 logback-mybatis [http-nio-9090-exec-4] INFO  c.d.b.interceptor.LoginInterceptor - >>>: http://localhost:9090/book_manager
10:16:02.597 logback-mybatis [http-nio-9090-exec-5] INFO  c.d.b.interceptor.LoginInterceptor - username: admin
10:16:02.597 logback-mybatis [http-nio-9090-exec-5] INFO  c.d.b.interceptor.LoginInterceptor - >>>: http://localhost:9090/bookPage_manager
10:16:03.210 logback-mybatis [http-nio-9090-exec-6] INFO  c.d.b.interceptor.LoginInterceptor - username: admin
10:16:03.210 logback-mybatis [http-nio-9090-exec-6] INFO  c.d.b.interceptor.LoginInterceptor - >>>: http://localhost:9090/book_add
10:16:04.180 logback-mybatis [http-nio-9090-exec-10] INFO  c.d.b.interceptor.LoginInterceptor - username: admin
10:16:04.180 logback-mybatis [http-nio-9090-exec-10] INFO  c.d.b.interceptor.LoginInterceptor - >>>: http://localhost:9090/asset_analyze
10:16:04.429 logback-mybatis [http-nio-9090-exec-1] INFO  c.d.b.interceptor.LoginInterceptor - username: admin
10:16:04.430 logback-mybatis [http-nio-9090-exec-1] INFO  c.d.b.interceptor.LoginInterceptor - >>>: http://localhost:9090/bookPage_manager
10:16:07.102 logback-mybatis [http-nio-9090-exec-2] INFO  c.d.b.interceptor.LoginInterceptor - username: admin
10:16:07.102 logback-mybatis [http-nio-9090-exec-2] INFO  c.d.b.interceptor.LoginInterceptor - >>>: http://localhost:9090/book_analyze
10:16:09.324 logback-mybatis [http-nio-9090-exec-3] INFO  c.d.b.interceptor.LoginInterceptor - username: admin
10:16:09.324 logback-mybatis [http-nio-9090-exec-3] INFO  c.d.b.interceptor.LoginInterceptor - >>>: http://localhost:9090/type_manager
10:16:09.525 logback-mybatis [http-nio-9090-exec-4] INFO  c.d.b.interceptor.LoginInterceptor - username: admin
10:16:09.526 logback-mybatis [http-nio-9090-exec-4] INFO  c.d.b.interceptor.LoginInterceptor - >>>: http://localhost:9090/typeManager
10:16:10.216 logback-mybatis [http-nio-9090-exec-5] INFO  c.d.b.interceptor.LoginInterceptor - username: admin
10:16:10.217 logback-mybatis [http-nio-9090-exec-5] INFO  c.d.b.interceptor.LoginInterceptor - >>>: http://localhost:9090/publish_house_manager
10:16:10.480 logback-mybatis [http-nio-9090-exec-6] INFO  c.d.b.interceptor.LoginInterceptor - username: admin
10:16:10.481 logback-mybatis [http-nio-9090-exec-6] INFO  c.d.b.interceptor.LoginInterceptor - >>>: http://localhost:9090/publish_manager
10:16:12.291 logback-mybatis [http-nio-9090-exec-7] INFO  c.d.b.interceptor.LoginInterceptor - username: admin
10:16:12.292 logback-mybatis [http-nio-9090-exec-7] INFO  c.d.b.interceptor.LoginInterceptor - >>>: http://localhost:9090/book_manager
10:16:12.367 logback-mybatis [http-nio-9090-exec-8] INFO  c.d.b.interceptor.LoginInterceptor - username: admin
10:16:12.367 logback-mybatis [http-nio-9090-exec-8] INFO  c.d.b.interceptor.LoginInterceptor - >>>: http://localhost:9090/bookPage_manager
10:28:40.905 logback-mybatis [http-nio-9090-exec-1] INFO  c.d.b.interceptor.LoginInterceptor - username: admin
10:28:40.906 logback-mybatis [http-nio-9090-exec-1] INFO  c.d.b.interceptor.LoginInterceptor - >>>: http://localhost:9090/book_manager
10:28:40.984 logback-mybatis [http-nio-9090-exec-2] INFO  c.d.b.interceptor.LoginInterceptor - username: admin
10:28:40.984 logback-mybatis [http-nio-9090-exec-2] INFO  c.d.b.interceptor.LoginInterceptor - >>>: http://localhost:9090/bookPage_manager
10:28:56.312 logback-mybatis [http-nio-9090-exec-4] INFO  c.d.b.interceptor.LoginInterceptor - username: admin
10:28:56.312 logback-mybatis [http-nio-9090-exec-4] INFO  c.d.b.interceptor.LoginInterceptor - >>>: http://localhost:9090/book_info
10:28:58.275 logback-mybatis [http-nio-9090-exec-5] INFO  c.d.b.interceptor.LoginInterceptor - username: admin
10:28:58.276 logback-mybatis [http-nio-9090-exec-5] INFO  c.d.b.interceptor.LoginInterceptor - >>>: http://localhost:9090/comment_manager
10:28:58.299 logback-mybatis [http-nio-9090-exec-6] INFO  c.d.b.interceptor.LoginInterceptor - username: admin
10:28:58.299 logback-mybatis [http-nio-9090-exec-6] INFO  c.d.b.interceptor.LoginInterceptor - >>>: http://localhost:9090/Home
10:28:58.434 logback-mybatis [http-nio-9090-exec-5] ERROR o.a.c.c.C.[.[.[.[dispatcherServlet] - Servlet.service() for servlet [dispatcherServlet] in context with path [] threw exception [Request processing failed; nested exception is org.springframework.jdbc.BadSqlGrammarException: 
### Error querying database.  Cause: java.sql.SQLSyntaxErrorException: Unknown column 'u.sm' in 'field list'
### The error may exist in file [E:\IdeaProjects\books\BOOK\target\classes\com\dragon\book\mapper\BookManagerMapper.xml]
### The error may involve com.dragon.book.mapper.BookManagerMapper.selectCommentByIsbnList-Inline
### The error occurred while setting parameters
### SQL: select u.sm,c.pjrq,c.nr,c.comment_id commentId       from t_comment c LEFT JOIN t_sys_user u on c.user_id = u.user_id                  WHERE c.isbn = 1                limit ?,5
### Cause: java.sql.SQLSyntaxErrorException: Unknown column 'u.sm' in 'field list'
; bad SQL grammar []; nested exception is java.sql.SQLSyntaxErrorException: Unknown column 'u.sm' in 'field list'] with root cause
java.sql.SQLSyntaxErrorException: Unknown column 'u.sm' in 'field list'
	at com.mysql.cj.jdbc.exceptions.SQLError.createSQLException(SQLError.java:120)
	at com.mysql.cj.jdbc.exceptions.SQLError.createSQLException(SQLError.java:97)
	at com.mysql.cj.jdbc.exceptions.SQLExceptionsMapping.translateException(SQLExceptionsMapping.java:122)
	at com.mysql.cj.jdbc.ClientPreparedStatement.executeInternal(ClientPreparedStatement.java:974)
	at com.mysql.cj.jdbc.ClientPreparedStatement.execute(ClientPreparedStatement.java:391)
	at com.zaxxer.hikari.pool.ProxyPreparedStatement.execute(ProxyPreparedStatement.java:44)
	at com.zaxxer.hikari.pool.HikariProxyPreparedStatement.execute(HikariProxyPreparedStatement.java)
	at org.apache.ibatis.executor.statement.PreparedStatementHandler.query(PreparedStatementHandler.java:63)
	at org.apache.ibatis.executor.statement.RoutingStatementHandler.query(RoutingStatementHandler.java:79)
	at org.apache.ibatis.executor.SimpleExecutor.doQuery(SimpleExecutor.java:63)
	at org.apache.ibatis.executor.BaseExecutor.queryFromDatabase(BaseExecutor.java:326)
	at org.apache.ibatis.executor.BaseExecutor.query(BaseExecutor.java:156)
	at org.apache.ibatis.executor.CachingExecutor.query(CachingExecutor.java:109)
	at com.github.pagehelper.PageInterceptor.intercept(PageInterceptor.java:143)
	at org.apache.ibatis.plugin.Plugin.invoke(Plugin.java:61)
	at com.sun.proxy.$Proxy98.query(Unknown Source)
	at org.apache.ibatis.session.defaults.DefaultSqlSession.selectList(DefaultSqlSession.java:148)
	at org.apache.ibatis.session.defaults.DefaultSqlSession.selectList(DefaultSqlSession.java:141)
	at sun.reflect.GeneratedMethodAccessor85.invoke(Unknown Source)
	at sun.reflect.DelegatingMethodAccessorImpl.invoke(DelegatingMethodAccessorImpl.java:43)
	at java.lang.reflect.Method.invoke(Method.java:497)
	at org.mybatis.spring.SqlSessionTemplate$SqlSessionInterceptor.invoke(SqlSessionTemplate.java:433)
	at com.sun.proxy.$Proxy62.selectList(Unknown Source)
	at org.mybatis.spring.SqlSessionTemplate.selectList(SqlSessionTemplate.java:230)
	at org.apache.ibatis.binding.MapperMethod.executeForMany(MapperMethod.java:139)
	at org.apache.ibatis.binding.MapperMethod.execute(MapperMethod.java:76)
	at org.apache.ibatis.binding.MapperProxy.invoke(MapperProxy.java:59)
	at com.sun.proxy.$Proxy73.selectCommentByIsbnList(Unknown Source)
	at com.dragon.book.service.impl.BookManagerServiceImpl.selectCommentInfo(BookManagerServiceImpl.java:82)
	at com.dragon.book.controller.BookManagerController.selectCommentPage(BookManagerController.java:133)
	at sun.reflect.NativeMethodAccessorImpl.invoke0(Native Method)
	at sun.reflect.NativeMethodAccessorImpl.invoke(NativeMethodAccessorImpl.java:62)
	at sun.reflect.DelegatingMethodAccessorImpl.invoke(DelegatingMethodAccessorImpl.java:43)
	at java.lang.reflect.Method.invoke(Method.java:497)
	at org.springframework.web.method.support.InvocableHandlerMethod.doInvoke(InvocableHandlerMethod.java:189)
	at org.springframework.web.method.support.InvocableHandlerMethod.invokeForRequest(InvocableHandlerMethod.java:138)
	at org.springframework.web.servlet.mvc.method.annotation.ServletInvocableHandlerMethod.invokeAndHandle(ServletInvocableHandlerMethod.java:102)
	at org.springframework.web.servlet.mvc.method.annotation.RequestMappingHandlerAdapter.invokeHandlerMethod(RequestMappingHandlerAdapter.java:895)
	at org.springframework.web.servlet.mvc.method.annotation.RequestMappingHandlerAdapter.handleInternal(RequestMappingHandlerAdapter.java:800)
	at org.springframework.web.servlet.mvc.method.AbstractHandlerMethodAdapter.handle(AbstractHandlerMethodAdapter.java:87)
	at org.springframework.web.servlet.DispatcherServlet.doDispatch(DispatcherServlet.java:1038)
	at org.springframework.web.servlet.DispatcherServlet.doService(DispatcherServlet.java:942)
	at org.springframework.web.servlet.FrameworkServlet.processRequest(FrameworkServlet.java:1005)
	at org.springframework.web.servlet.FrameworkServlet.doGet(FrameworkServlet.java:897)
	at javax.servlet.http.HttpServlet.service(HttpServlet.java:634)
	at org.springframework.web.servlet.FrameworkServlet.service(FrameworkServlet.java:882)
	at javax.servlet.http.HttpServlet.service(HttpServlet.java:741)
	at org.apache.catalina.core.ApplicationFilterChain.internalDoFilter(ApplicationFilterChain.java:231)
	at org.apache.catalina.core.ApplicationFilterChain.doFilter(ApplicationFilterChain.java:166)
	at org.apache.tomcat.websocket.server.WsFilter.doFilter(WsFilter.java:53)
	at org.apache.catalina.core.ApplicationFilterChain.internalDoFilter(ApplicationFilterChain.java:193)
	at org.apache.catalina.core.ApplicationFilterChain.doFilter(ApplicationFilterChain.java:166)
	at org.springframework.web.filter.RequestContextFilter.doFilterInternal(RequestContextFilter.java:99)
	at org.springframework.web.filter.OncePerRequestFilter.doFilter(OncePerRequestFilter.java:107)
	at org.apache.catalina.core.ApplicationFilterChain.internalDoFilter(ApplicationFilterChain.java:193)
	at org.apache.catalina.core.ApplicationFilterChain.doFilter(ApplicationFilterChain.java:166)
	at org.springframework.web.filter.FormContentFilter.doFilterInternal(FormContentFilter.java:92)
	at org.springframework.web.filter.OncePerRequestFilter.doFilter(OncePerRequestFilter.java:107)
	at org.apache.catalina.core.ApplicationFilterChain.internalDoFilter(ApplicationFilterChain.java:193)
	at org.apache.catalina.core.ApplicationFilterChain.doFilter(ApplicationFilterChain.java:166)
	at org.springframework.web.filter.HiddenHttpMethodFilter.doFilterInternal(HiddenHttpMethodFilter.java:93)
	at org.springframework.web.filter.OncePerRequestFilter.doFilter(OncePerRequestFilter.java:107)
	at org.apache.catalina.core.ApplicationFilterChain.internalDoFilter(ApplicationFilterChain.java:193)
	at org.apache.catalina.core.ApplicationFilterChain.doFilter(ApplicationFilterChain.java:166)
	at org.springframework.web.filter.CharacterEncodingFilter.doFilterInternal(CharacterEncodingFilter.java:200)
	at org.springframework.web.filter.OncePerRequestFilter.doFilter(OncePerRequestFilter.java:107)
	at org.apache.catalina.core.ApplicationFilterChain.internalDoFilter(ApplicationFilterChain.java:193)
	at org.apache.catalina.core.ApplicationFilterChain.doFilter(ApplicationFilterChain.java:166)
	at org.apache.catalina.core.StandardWrapperValve.invoke(StandardWrapperValve.java:199)
	at org.apache.catalina.core.StandardContextValve.invoke(StandardContextValve.java:96)
	at org.apache.catalina.authenticator.AuthenticatorBase.invoke(AuthenticatorBase.java:490)
	at org.apache.catalina.core.StandardHostValve.invoke(StandardHostValve.java:139)
	at org.apache.catalina.valves.ErrorReportValve.invoke(ErrorReportValve.java:92)
	at org.apache.catalina.core.StandardEngineValve.invoke(StandardEngineValve.java:74)
	at org.apache.catalina.connector.CoyoteAdapter.service(CoyoteAdapter.java:343)
	at org.apache.coyote.http11.Http11Processor.service(Http11Processor.java:408)
	at org.apache.coyote.AbstractProcessorLight.process(AbstractProcessorLight.java:66)
	at org.apache.coyote.AbstractProtocol$ConnectionHandler.process(AbstractProtocol.java:834)
	at org.apache.tomcat.util.net.NioEndpoint$SocketProcessor.doRun(NioEndpoint.java:1417)
	at org.apache.tomcat.util.net.SocketProcessorBase.run(SocketProcessorBase.java:49)
	at java.util.concurrent.ThreadPoolExecutor.runWorker(ThreadPoolExecutor.java:1142)
	at java.util.concurrent.ThreadPoolExecutor$Worker.run(ThreadPoolExecutor.java:617)
	at org.apache.tomcat.util.threads.TaskThread$WrappingRunnable.run(TaskThread.java:61)
	at java.lang.Thread.run(Thread.java:745)
10:29:05.673 logback-mybatis [http-nio-9090-exec-7] INFO  c.d.b.interceptor.LoginInterceptor - username: admin
10:29:05.673 logback-mybatis [http-nio-9090-exec-7] INFO  c.d.b.interceptor.LoginInterceptor - >>>: http://localhost:9090/book_info
10:29:09.676 logback-mybatis [http-nio-9090-exec-8] INFO  c.d.b.interceptor.LoginInterceptor - username: admin
10:29:09.676 logback-mybatis [http-nio-9090-exec-8] INFO  c.d.b.interceptor.LoginInterceptor - >>>: http://localhost:9090/comment_manager
10:29:09.688 logback-mybatis [http-nio-9090-exec-8] ERROR o.a.c.c.C.[.[.[.[dispatcherServlet] - Servlet.service() for servlet [dispatcherServlet] in context with path [] threw exception [Request processing failed; nested exception is org.springframework.jdbc.BadSqlGrammarException: 
### Error querying database.  Cause: java.sql.SQLSyntaxErrorException: Unknown column 'u.sm' in 'field list'
### The error may exist in file [E:\IdeaProjects\books\BOOK\target\classes\com\dragon\book\mapper\BookManagerMapper.xml]
### The error may involve com.dragon.book.mapper.BookManagerMapper.selectCommentByIsbnList-Inline
### The error occurred while setting parameters
### SQL: select u.sm,c.pjrq,c.nr,c.comment_id commentId       from t_comment c LEFT JOIN t_sys_user u on c.user_id = u.user_id                  WHERE c.isbn = 1                limit ?,5
### Cause: java.sql.SQLSyntaxErrorException: Unknown column 'u.sm' in 'field list'
; bad SQL grammar []; nested exception is java.sql.SQLSyntaxErrorException: Unknown column 'u.sm' in 'field list'] with root cause
java.sql.SQLSyntaxErrorException: Unknown column 'u.sm' in 'field list'
	at com.mysql.cj.jdbc.exceptions.SQLError.createSQLException(SQLError.java:120)
	at com.mysql.cj.jdbc.exceptions.SQLError.createSQLException(SQLError.java:97)
	at com.mysql.cj.jdbc.exceptions.SQLExceptionsMapping.translateException(SQLExceptionsMapping.java:122)
	at com.mysql.cj.jdbc.ClientPreparedStatement.executeInternal(ClientPreparedStatement.java:974)
	at com.mysql.cj.jdbc.ClientPreparedStatement.execute(ClientPreparedStatement.java:391)
	at com.zaxxer.hikari.pool.ProxyPreparedStatement.execute(ProxyPreparedStatement.java:44)
	at com.zaxxer.hikari.pool.HikariProxyPreparedStatement.execute(HikariProxyPreparedStatement.java)
	at org.apache.ibatis.executor.statement.PreparedStatementHandler.query(PreparedStatementHandler.java:63)
	at org.apache.ibatis.executor.statement.RoutingStatementHandler.query(RoutingStatementHandler.java:79)
	at org.apache.ibatis.executor.SimpleExecutor.doQuery(SimpleExecutor.java:63)
	at org.apache.ibatis.executor.BaseExecutor.queryFromDatabase(BaseExecutor.java:326)
	at org.apache.ibatis.executor.BaseExecutor.query(BaseExecutor.java:156)
	at org.apache.ibatis.executor.CachingExecutor.query(CachingExecutor.java:109)
	at com.github.pagehelper.PageInterceptor.intercept(PageInterceptor.java:143)
	at org.apache.ibatis.plugin.Plugin.invoke(Plugin.java:61)
	at com.sun.proxy.$Proxy98.query(Unknown Source)
	at org.apache.ibatis.session.defaults.DefaultSqlSession.selectList(DefaultSqlSession.java:148)
	at org.apache.ibatis.session.defaults.DefaultSqlSession.selectList(DefaultSqlSession.java:141)
	at sun.reflect.GeneratedMethodAccessor85.invoke(Unknown Source)
	at sun.reflect.DelegatingMethodAccessorImpl.invoke(DelegatingMethodAccessorImpl.java:43)
	at java.lang.reflect.Method.invoke(Method.java:497)
	at org.mybatis.spring.SqlSessionTemplate$SqlSessionInterceptor.invoke(SqlSessionTemplate.java:433)
	at com.sun.proxy.$Proxy62.selectList(Unknown Source)
	at org.mybatis.spring.SqlSessionTemplate.selectList(SqlSessionTemplate.java:230)
	at org.apache.ibatis.binding.MapperMethod.executeForMany(MapperMethod.java:139)
	at org.apache.ibatis.binding.MapperMethod.execute(MapperMethod.java:76)
	at org.apache.ibatis.binding.MapperProxy.invoke(MapperProxy.java:59)
	at com.sun.proxy.$Proxy73.selectCommentByIsbnList(Unknown Source)
	at com.dragon.book.service.impl.BookManagerServiceImpl.selectCommentInfo(BookManagerServiceImpl.java:82)
	at com.dragon.book.controller.BookManagerController.selectCommentPage(BookManagerController.java:133)
	at sun.reflect.NativeMethodAccessorImpl.invoke0(Native Method)
	at sun.reflect.NativeMethodAccessorImpl.invoke(NativeMethodAccessorImpl.java:62)
	at sun.reflect.DelegatingMethodAccessorImpl.invoke(DelegatingMethodAccessorImpl.java:43)
	at java.lang.reflect.Method.invoke(Method.java:497)
	at org.springframework.web.method.support.InvocableHandlerMethod.doInvoke(InvocableHandlerMethod.java:189)
	at org.springframework.web.method.support.InvocableHandlerMethod.invokeForRequest(InvocableHandlerMethod.java:138)
	at org.springframework.web.servlet.mvc.method.annotation.ServletInvocableHandlerMethod.invokeAndHandle(ServletInvocableHandlerMethod.java:102)
	at org.springframework.web.servlet.mvc.method.annotation.RequestMappingHandlerAdapter.invokeHandlerMethod(RequestMappingHandlerAdapter.java:895)
	at org.springframework.web.servlet.mvc.method.annotation.RequestMappingHandlerAdapter.handleInternal(RequestMappingHandlerAdapter.java:800)
	at org.springframework.web.servlet.mvc.method.AbstractHandlerMethodAdapter.handle(AbstractHandlerMethodAdapter.java:87)
	at org.springframework.web.servlet.DispatcherServlet.doDispatch(DispatcherServlet.java:1038)
	at org.springframework.web.servlet.DispatcherServlet.doService(DispatcherServlet.java:942)
	at org.springframework.web.servlet.FrameworkServlet.processRequest(FrameworkServlet.java:1005)
	at org.springframework.web.servlet.FrameworkServlet.doGet(FrameworkServlet.java:897)
	at javax.servlet.http.HttpServlet.service(HttpServlet.java:634)
	at org.springframework.web.servlet.FrameworkServlet.service(FrameworkServlet.java:882)
	at javax.servlet.http.HttpServlet.service(HttpServlet.java:741)
	at org.apache.catalina.core.ApplicationFilterChain.internalDoFilter(ApplicationFilterChain.java:231)
	at org.apache.catalina.core.ApplicationFilterChain.doFilter(ApplicationFilterChain.java:166)
	at org.apache.tomcat.websocket.server.WsFilter.doFilter(WsFilter.java:53)
	at org.apache.catalina.core.ApplicationFilterChain.internalDoFilter(ApplicationFilterChain.java:193)
	at org.apache.catalina.core.ApplicationFilterChain.doFilter(ApplicationFilterChain.java:166)
	at org.springframework.web.filter.RequestContextFilter.doFilterInternal(RequestContextFilter.java:99)
	at org.springframework.web.filter.OncePerRequestFilter.doFilter(OncePerRequestFilter.java:107)
	at org.apache.catalina.core.ApplicationFilterChain.internalDoFilter(ApplicationFilterChain.java:193)
	at org.apache.catalina.core.ApplicationFilterChain.doFilter(ApplicationFilterChain.java:166)
	at org.springframework.web.filter.FormContentFilter.doFilterInternal(FormContentFilter.java:92)
	at org.springframework.web.filter.OncePerRequestFilter.doFilter(OncePerRequestFilter.java:107)
	at org.apache.catalina.core.ApplicationFilterChain.internalDoFilter(ApplicationFilterChain.java:193)
	at org.apache.catalina.core.ApplicationFilterChain.doFilter(ApplicationFilterChain.java:166)
	at org.springframework.web.filter.HiddenHttpMethodFilter.doFilterInternal(HiddenHttpMethodFilter.java:93)
	at org.springframework.web.filter.OncePerRequestFilter.doFilter(OncePerRequestFilter.java:107)
	at org.apache.catalina.core.ApplicationFilterChain.internalDoFilter(ApplicationFilterChain.java:193)
	at org.apache.catalina.core.ApplicationFilterChain.doFilter(ApplicationFilterChain.java:166)
	at org.springframework.web.filter.CharacterEncodingFilter.doFilterInternal(CharacterEncodingFilter.java:200)
	at org.springframework.web.filter.OncePerRequestFilter.doFilter(OncePerRequestFilter.java:107)
	at org.apache.catalina.core.ApplicationFilterChain.internalDoFilter(ApplicationFilterChain.java:193)
	at org.apache.catalina.core.ApplicationFilterChain.doFilter(ApplicationFilterChain.java:166)
	at org.apache.catalina.core.StandardWrapperValve.invoke(StandardWrapperValve.java:199)
	at org.apache.catalina.core.StandardContextValve.invoke(StandardContextValve.java:96)
	at org.apache.catalina.authenticator.AuthenticatorBase.invoke(AuthenticatorBase.java:490)
	at org.apache.catalina.core.StandardHostValve.invoke(StandardHostValve.java:139)
	at org.apache.catalina.valves.ErrorReportValve.invoke(ErrorReportValve.java:92)
	at org.apache.catalina.core.StandardEngineValve.invoke(StandardEngineValve.java:74)
	at org.apache.catalina.connector.CoyoteAdapter.service(CoyoteAdapter.java:343)
	at org.apache.coyote.http11.Http11Processor.service(Http11Processor.java:408)
	at org.apache.coyote.AbstractProcessorLight.process(AbstractProcessorLight.java:66)
	at org.apache.coyote.AbstractProtocol$ConnectionHandler.process(AbstractProtocol.java:834)
	at org.apache.tomcat.util.net.NioEndpoint$SocketProcessor.doRun(NioEndpoint.java:1417)
	at org.apache.tomcat.util.net.SocketProcessorBase.run(SocketProcessorBase.java:49)
	at java.util.concurrent.ThreadPoolExecutor.runWorker(ThreadPoolExecutor.java:1142)
	at java.util.concurrent.ThreadPoolExecutor$Worker.run(ThreadPoolExecutor.java:617)
	at org.apache.tomcat.util.threads.TaskThread$WrappingRunnable.run(TaskThread.java:61)
	at java.lang.Thread.run(Thread.java:745)
10:29:09.760 logback-mybatis [http-nio-9090-exec-9] INFO  c.d.b.interceptor.LoginInterceptor - username: admin
10:29:09.760 logback-mybatis [http-nio-9090-exec-9] INFO  c.d.b.interceptor.LoginInterceptor - >>>: http://localhost:9090/Home
10:29:17.644 logback-mybatis [http-nio-9090-exec-10] INFO  c.d.b.interceptor.LoginInterceptor - username: admin
10:29:17.644 logback-mybatis [http-nio-9090-exec-10] INFO  c.d.b.interceptor.LoginInterceptor - >>>: http://localhost:9090/bookPage_manager
10:29:36.916 logback-mybatis [http-nio-9090-exec-1] INFO  c.d.b.interceptor.LoginInterceptor - username: admin
10:29:36.917 logback-mybatis [http-nio-9090-exec-1] INFO  c.d.b.interceptor.LoginInterceptor - >>>: http://localhost:9090/bookPage_manager
10:29:41.806 logback-mybatis [http-nio-9090-exec-2] INFO  c.d.b.interceptor.LoginInterceptor - username: admin
10:29:41.806 logback-mybatis [http-nio-9090-exec-2] INFO  c.d.b.interceptor.LoginInterceptor - >>>: http://localhost:9090/bookPage_manager
10:29:44.806 logback-mybatis [http-nio-9090-exec-3] INFO  c.d.b.interceptor.LoginInterceptor - username: admin
10:29:44.806 logback-mybatis [http-nio-9090-exec-3] INFO  c.d.b.interceptor.LoginInterceptor - >>>: http://localhost:9090/book_add
10:29:56.054 logback-mybatis [http-nio-9090-exec-5] INFO  c.d.b.interceptor.LoginInterceptor - username: admin
10:29:56.054 logback-mybatis [http-nio-9090-exec-5] INFO  c.d.b.interceptor.LoginInterceptor - >>>: http://localhost:9090/asset_analyze
10:29:56.106 logback-mybatis [http-nio-9090-exec-7] INFO  c.d.b.interceptor.LoginInterceptor - username: admin
10:29:56.106 logback-mybatis [http-nio-9090-exec-7] INFO  c.d.b.interceptor.LoginInterceptor - >>>: http://localhost:9090/bookPage_manager
10:30:02.644 logback-mybatis [http-nio-9090-exec-8] INFO  c.d.b.interceptor.LoginInterceptor - username: admin
10:30:02.645 logback-mybatis [http-nio-9090-exec-8] INFO  c.d.b.interceptor.LoginInterceptor - >>>: http://localhost:9090/book_add
10:30:15.196 logback-mybatis [http-nio-9090-exec-1] INFO  c.d.b.interceptor.LoginInterceptor - username: admin
10:30:15.197 logback-mybatis [http-nio-9090-exec-1] INFO  c.d.b.interceptor.LoginInterceptor - >>>: http://localhost:9090/book_manager
10:30:15.267 logback-mybatis [http-nio-9090-exec-2] INFO  c.d.b.interceptor.LoginInterceptor - username: admin
10:30:15.267 logback-mybatis [http-nio-9090-exec-2] INFO  c.d.b.interceptor.LoginInterceptor - >>>: http://localhost:9090/bookPage_manager
10:30:34.062 logback-mybatis [http-nio-9090-exec-3] INFO  c.d.b.interceptor.LoginInterceptor - username: admin
10:30:34.062 logback-mybatis [http-nio-9090-exec-3] INFO  c.d.b.interceptor.LoginInterceptor - >>>: http://localhost:9090/type_manager
10:30:34.093 logback-mybatis [http-nio-9090-exec-4] INFO  c.d.b.interceptor.LoginInterceptor - username: admin
10:30:34.093 logback-mybatis [http-nio-9090-exec-4] INFO  c.d.b.interceptor.LoginInterceptor - >>>: http://localhost:9090/typeManager
10:30:35.452 logback-mybatis [http-nio-9090-exec-6] INFO  c.d.b.interceptor.LoginInterceptor - username: admin
10:30:35.452 logback-mybatis [http-nio-9090-exec-6] INFO  c.d.b.interceptor.LoginInterceptor - >>>: http://localhost:9090/publish_house_manager
10:30:35.496 logback-mybatis [http-nio-9090-exec-5] INFO  c.d.b.interceptor.LoginInterceptor - username: admin
10:30:35.496 logback-mybatis [http-nio-9090-exec-5] INFO  c.d.b.interceptor.LoginInterceptor - >>>: http://localhost:9090/publish_manager
10:30:39.111 logback-mybatis [http-nio-9090-exec-7] INFO  c.d.b.interceptor.LoginInterceptor - username: admin
10:30:39.111 logback-mybatis [http-nio-9090-exec-7] INFO  c.d.b.interceptor.LoginInterceptor - >>>: http://localhost:9090/book_manager
10:30:39.169 logback-mybatis [http-nio-9090-exec-8] INFO  c.d.b.interceptor.LoginInterceptor - username: admin
10:30:39.170 logback-mybatis [http-nio-9090-exec-8] INFO  c.d.b.interceptor.LoginInterceptor - >>>: http://localhost:9090/bookPage_manager
10:30:46.497 logback-mybatis [http-nio-9090-exec-9] INFO  c.d.b.interceptor.LoginInterceptor - username: admin
10:30:46.498 logback-mybatis [http-nio-9090-exec-9] INFO  c.d.b.interceptor.LoginInterceptor - >>>: http://localhost:9090/book_add
10:31:23.139 logback-mybatis [http-nio-9090-exec-2] INFO  c.d.b.interceptor.LoginInterceptor - username: admin
10:31:23.139 logback-mybatis [http-nio-9090-exec-2] INFO  c.d.b.interceptor.LoginInterceptor - >>>: http://localhost:9090/asset_analyze
10:31:23.199 logback-mybatis [http-nio-9090-exec-3] INFO  c.d.b.interceptor.LoginInterceptor - username: admin
10:31:23.199 logback-mybatis [http-nio-9090-exec-3] INFO  c.d.b.interceptor.LoginInterceptor - >>>: http://localhost:9090/bookPage_manager
10:31:28.630 logback-mybatis [http-nio-9090-exec-4] INFO  c.d.b.interceptor.LoginInterceptor - username: admin
10:31:28.630 logback-mybatis [http-nio-9090-exec-4] INFO  c.d.b.interceptor.LoginInterceptor - >>>: http://localhost:9090/book_export
10:33:03.198 logback-mybatis [http-nio-9090-exec-7] INFO  c.d.b.interceptor.LoginInterceptor - username: admin
10:33:03.199 logback-mybatis [http-nio-9090-exec-7] INFO  c.d.b.interceptor.LoginInterceptor - >>>: http://localhost:9090/borrow_history
10:33:04.215 logback-mybatis [http-nio-9090-exec-8] INFO  c.d.b.interceptor.LoginInterceptor - username: admin
10:33:04.216 logback-mybatis [http-nio-9090-exec-8] INFO  c.d.b.interceptor.LoginInterceptor - >>>: http://localhost:9090/book_analyze
10:33:04.780 logback-mybatis [http-nio-9090-exec-9] INFO  c.d.b.interceptor.LoginInterceptor - username: admin
10:33:04.781 logback-mybatis [http-nio-9090-exec-9] INFO  c.d.b.interceptor.LoginInterceptor - >>>: http://localhost:9090/type_manager
10:33:04.809 logback-mybatis [http-nio-9090-exec-10] INFO  c.d.b.interceptor.LoginInterceptor - username: admin
10:33:04.809 logback-mybatis [http-nio-9090-exec-10] INFO  c.d.b.interceptor.LoginInterceptor - >>>: http://localhost:9090/typeManager
10:33:06.113 logback-mybatis [http-nio-9090-exec-1] INFO  c.d.b.interceptor.LoginInterceptor - username: admin
10:33:06.113 logback-mybatis [http-nio-9090-exec-1] INFO  c.d.b.interceptor.LoginInterceptor - >>>: http://localhost:9090/publish_house_manager
10:33:06.159 logback-mybatis [http-nio-9090-exec-2] INFO  c.d.b.interceptor.LoginInterceptor - username: admin
10:33:06.159 logback-mybatis [http-nio-9090-exec-2] INFO  c.d.b.interceptor.LoginInterceptor - >>>: http://localhost:9090/publish_manager
10:33:08.621 logback-mybatis [http-nio-9090-exec-3] INFO  c.d.b.interceptor.LoginInterceptor - username: admin
10:33:08.621 logback-mybatis [http-nio-9090-exec-3] INFO  c.d.b.interceptor.LoginInterceptor - >>>: http://localhost:9090/book_manager
10:33:08.688 logback-mybatis [http-nio-9090-exec-4] INFO  c.d.b.interceptor.LoginInterceptor - username: admin
10:33:08.688 logback-mybatis [http-nio-9090-exec-4] INFO  c.d.b.interceptor.LoginInterceptor - >>>: http://localhost:9090/bookPage_manager
10:38:21.830 logback-mybatis [http-nio-9090-exec-5] INFO  c.d.b.interceptor.LoginInterceptor - username: admin
10:38:21.830 logback-mybatis [http-nio-9090-exec-5] INFO  c.d.b.interceptor.LoginInterceptor - >>>: http://localhost:9090/logout
10:38:24.393 logback-mybatis [http-nio-9090-exec-9] INFO  c.d.b.interceptor.LoginInterceptor - username: admin12
10:38:24.393 logback-mybatis [http-nio-9090-exec-9] INFO  c.d.b.interceptor.LoginInterceptor - >>>: http://localhost:9090/Home
10:38:25.612 logback-mybatis [http-nio-9090-exec-10] INFO  c.d.b.interceptor.LoginInterceptor - username: admin12
10:38:25.612 logback-mybatis [http-nio-9090-exec-10] INFO  c.d.b.interceptor.LoginInterceptor - >>>: http://localhost:9090/sea
10:38:25.755 logback-mybatis [http-nio-9090-exec-1] INFO  c.d.b.interceptor.LoginInterceptor - username: admin12
10:38:25.755 logback-mybatis [http-nio-9090-exec-1] INFO  c.d.b.interceptor.LoginInterceptor - >>>: http://localhost:9090/search
10:38:27.312 logback-mybatis [http-nio-9090-exec-2] INFO  c.d.b.interceptor.LoginInterceptor - username: admin12
10:38:27.313 logback-mybatis [http-nio-9090-exec-2] INFO  c.d.b.interceptor.LoginInterceptor - >>>: http://localhost:9090/Home
10:38:29.550 logback-mybatis [http-nio-9090-exec-3] INFO  c.d.b.interceptor.LoginInterceptor - username: admin12
10:38:29.550 logback-mybatis [http-nio-9090-exec-3] INFO  c.d.b.interceptor.LoginInterceptor - >>>: http://localhost:9090/sea
10:38:29.590 logback-mybatis [http-nio-9090-exec-4] INFO  c.d.b.interceptor.LoginInterceptor - username: admin12
10:38:29.590 logback-mybatis [http-nio-9090-exec-4] INFO  c.d.b.interceptor.LoginInterceptor - >>>: http://localhost:9090/search
10:38:33.324 logback-mybatis [http-nio-9090-exec-5] INFO  c.d.b.interceptor.LoginInterceptor - username: admin12
10:38:33.324 logback-mybatis [http-nio-9090-exec-5] INFO  c.d.b.interceptor.LoginInterceptor - >>>: http://localhost:9090/search
10:38:36.499 logback-mybatis [http-nio-9090-exec-7] INFO  c.d.b.interceptor.LoginInterceptor - username: admin12
10:38:36.499 logback-mybatis [http-nio-9090-exec-7] INFO  c.d.b.interceptor.LoginInterceptor - >>>: http://localhost:9090/search
10:38:39.326 logback-mybatis [http-nio-9090-exec-8] INFO  c.d.b.interceptor.LoginInterceptor - username: admin12
10:38:39.326 logback-mybatis [http-nio-9090-exec-8] INFO  c.d.b.interceptor.LoginInterceptor - >>>: http://localhost:9090/search
11:29:15.236 logback-mybatis [HikariPool-1 housekeeper] WARN  com.zaxxer.hikari.pool.HikariPool - HikariPool-1 - Thread starvation or clock leap detected (housekeeper delta=11m22s106ms505s17ns).
13:25:17.197 logback-mybatis [HikariPool-1 housekeeper] WARN  com.zaxxer.hikari.pool.HikariPool - HikariPool-1 - Thread starvation or clock leap detected (housekeeper delta=1h3m1s864ms122s426ns).
