21:34:24.560 logback-mybatis [restartedMain] INFO  com.dragon.book.BookApplication - Starting BookApplication on DESKTOP-0UEJ0G6 with PID 2236 (E:\WorkApp\iderworkspace\BOOK\BOOK\target\classes started by Pc in E:\WorkApp\iderworkspace\BOOK\BOOK)
21:34:24.578 logback-mybatis [restartedMain] INFO  com.dragon.book.BookApplication - No active profile set, falling back to default profiles: default
21:34:24.688 logback-mybatis [restartedMain] INFO  o.s.b.d.e.DevToolsPropertyDefaultsPostProcessor - Devtools property defaults active! Set 'spring.devtools.add-properties' to 'false' to disable
21:34:24.689 logback-mybatis [restartedMain] INFO  o.s.b.d.e.DevToolsPropertyDefaultsPostProcessor - For additional web related logging consider setting the 'logging.level.web' property to 'DEBUG'
21:34:26.138 logback-mybatis [restartedMain] INFO  o.s.d.r.c.RepositoryConfigurationDelegate - Multiple Spring Data modules found, entering strict repository configuration mode!
21:34:26.142 logback-mybatis [restartedMain] INFO  o.s.d.r.c.RepositoryConfigurationDelegate - Bootstrapping Spring Data repositories in DEFAULT mode.
21:34:26.247 logback-mybatis [restartedMain] INFO  o.s.d.r.c.RepositoryConfigurationDelegate - Finished Spring Data repository scanning in 62ms. Found 0 repository interfaces.
21:34:26.741 logback-mybatis [restartedMain] INFO  o.s.c.s.PostProcessorRegistrationDelegate$BeanPostProcessorChecker - Bean 'org.springframework.ws.config.annotation.DelegatingWsConfiguration' of type [org.springframework.ws.config.annotation.DelegatingWsConfiguration$$EnhancerBySpringCGLIB$$5f87253a] is not eligible for getting processed by all BeanPostProcessors (for example: not eligible for auto-proxying)
21:34:26.867 logback-mybatis [restartedMain] INFO  o.s.w.s.a.s.AnnotationActionEndpointMapping - Supporting [WS-Addressing August 2004, WS-Addressing 1.0]
21:34:26.937 logback-mybatis [restartedMain] INFO  o.s.c.s.PostProcessorRegistrationDelegate$BeanPostProcessorChecker - Bean 'org.springframework.transaction.annotation.ProxyTransactionManagementConfiguration' of type [org.springframework.transaction.annotation.ProxyTransactionManagementConfiguration$$EnhancerBySpringCGLIB$$baef603b] is not eligible for getting processed by all BeanPostProcessors (for example: not eligible for auto-proxying)
21:34:28.382 logback-mybatis [restartedMain] INFO  o.s.b.w.e.tomcat.TomcatWebServer - Tomcat initialized with port(s): 9090 (http)
21:34:28.476 logback-mybatis [restartedMain] INFO  o.a.coyote.http11.Http11NioProtocol - Initializing ProtocolHandler ["http-nio-9090"]
21:34:28.503 logback-mybatis [restartedMain] INFO  o.a.catalina.core.StandardService - Starting service [Tomcat]
21:34:28.503 logback-mybatis [restartedMain] INFO  o.a.catalina.core.StandardEngine - Starting Servlet engine: [Apache Tomcat/9.0.14]
21:34:28.545 logback-mybatis [restartedMain] INFO  o.a.c.core.AprLifecycleListener - The APR based Apache Tomcat Native library which allows optimal performance in production environments was not found on the java.library.path: [D:\eclipse-THREE\third\jdk1.8.0_144\bin;C:\Windows\Sun\Java\bin;C:\Windows\system32;C:\Windows;E:\OracleAPP\product\11.2.0\dbhome_1\bin;D:\AppInstall\git\Git\cmd;E:\WorkEclise\third\maven3\bin;C:\Program Files\MySQL\MySQL Utilities 1.6\;C:\Program Files\MySQL\MySQL Server 5.7\bin;C:\Users\Pc\AppData\Local\Microsoft\WindowsApps;D:\eclipse-THREE\third\jdk1.8.0_144\bin;D:\eclipse-THREE\third\jdk1.8.0_144\jre\bin;;.]
21:34:29.230 logback-mybatis [restartedMain] INFO  org.apache.jasper.servlet.TldScanner - At least one JAR was scanned for TLDs yet contained no TLDs. Enable debug logging for this logger for a complete list of JARs that were scanned but no TLDs were found in them. Skipping unneeded JARs during scanning can improve startup time and JSP compilation time.
21:34:29.238 logback-mybatis [restartedMain] INFO  o.a.c.c.C.[Tomcat].[localhost].[/] - Initializing Spring embedded WebApplicationContext
21:34:29.239 logback-mybatis [restartedMain] INFO  o.s.web.context.ContextLoader - Root WebApplicationContext: initialization completed in 4550 ms
21:34:31.463 logback-mybatis [restartedMain] INFO  o.s.s.c.ThreadPoolTaskExecutor - Initializing ExecutorService 'applicationTaskExecutor'
21:34:31.694 logback-mybatis [restartedMain] INFO  o.s.b.a.w.s.WelcomePageHandlerMapping - Adding welcome page template: index
21:34:34.355 logback-mybatis [restartedMain] INFO  o.s.b.d.a.OptionalLiveReloadServer - LiveReload server is running on port 35729
21:34:34.498 logback-mybatis [restartedMain] INFO  o.a.coyote.http11.Http11NioProtocol - Starting ProtocolHandler ["http-nio-9090"]
21:34:34.614 logback-mybatis [restartedMain] INFO  o.s.b.w.e.tomcat.TomcatWebServer - Tomcat started on port(s): 9090 (http) with context path ''
21:34:34.619 logback-mybatis [restartedMain] INFO  com.dragon.book.BookApplication - Started BookApplication in 11.699 seconds (JVM running for 15.994)
21:34:39.961 logback-mybatis [http-nio-9090-exec-10] INFO  o.a.c.c.C.[Tomcat].[localhost].[/] - Initializing Spring DispatcherServlet 'dispatcherServlet'
21:34:39.962 logback-mybatis [http-nio-9090-exec-10] INFO  o.s.web.servlet.DispatcherServlet - Initializing Servlet 'dispatcherServlet'
21:34:39.993 logback-mybatis [http-nio-9090-exec-10] INFO  o.s.web.servlet.DispatcherServlet - Completed initialization in 30 ms
21:34:42.940 logback-mybatis [http-nio-9090-exec-6] INFO  c.d.b.interceptor.LoginInterceptor - username: null
21:34:42.941 logback-mybatis [http-nio-9090-exec-6] INFO  c.d.b.interceptor.LoginInterceptor - >>>: http://localhost:9090/Home
21:34:49.638 logback-mybatis [http-nio-9090-exec-9] INFO  com.zaxxer.hikari.HikariDataSource - HikariPool-1 - Starting...
21:34:50.059 logback-mybatis [http-nio-9090-exec-9] INFO  com.zaxxer.hikari.HikariDataSource - HikariPool-1 - Start completed.
21:34:50.951 logback-mybatis [http-nio-9090-exec-8] INFO  c.d.b.interceptor.LoginInterceptor - username: admin
21:34:50.951 logback-mybatis [http-nio-9090-exec-8] INFO  c.d.b.interceptor.LoginInterceptor - >>>: http://localhost:9090/Home
21:34:53.304 logback-mybatis [http-nio-9090-exec-6] INFO  c.d.b.interceptor.LoginInterceptor - username: admin
21:34:53.305 logback-mybatis [http-nio-9090-exec-6] INFO  c.d.b.interceptor.LoginInterceptor - >>>: http://localhost:9090/%E5%80%9F%E9%98%85%E5%8E%86%E5%8F%B2.html
21:34:58.729 logback-mybatis [http-nio-9090-exec-10] INFO  c.d.b.interceptor.LoginInterceptor - username: admin
21:34:58.729 logback-mybatis [http-nio-9090-exec-10] INFO  c.d.b.interceptor.LoginInterceptor - >>>: http://localhost:9090/%E5%80%9F%E9%98%85%E5%8E%86%E5%8F%B2.html
21:35:06.682 logback-mybatis [http-nio-9090-exec-2] INFO  c.d.b.interceptor.LoginInterceptor - username: admin
21:35:06.683 logback-mybatis [http-nio-9090-exec-2] INFO  c.d.b.interceptor.LoginInterceptor - >>>: http://localhost:9090/borrow_history
21:35:07.970 logback-mybatis [http-nio-9090-exec-9] INFO  c.d.b.interceptor.LoginInterceptor - username: admin
21:35:07.970 logback-mybatis [http-nio-9090-exec-9] INFO  c.d.b.interceptor.LoginInterceptor - >>>: http://localhost:9090/historyPage_manager
