14:16:57.545 logback-mybatis [restartedMain] INFO  com.dragon.book.BookApplication - Starting BookApplication on AGOE2345-231742 with PID 3240 (E:\IdeaProjects\books\BOOK\target\classes started by Administrator in E:\IdeaProjects\books\BOOK)
14:16:57.557 logback-mybatis [restartedMain] INFO  com.dragon.book.BookApplication - No active profile set, falling back to default profiles: default
14:16:57.745 logback-mybatis [restartedMain] INFO  o.s.b.d.e.DevToolsPropertyDefaultsPostProcessor - Devtools property defaults active! Set 'spring.devtools.add-properties' to 'false' to disable
14:16:57.746 logback-mybatis [restartedMain] INFO  o.s.b.d.e.DevToolsPropertyDefaultsPostProcessor - For additional web related logging consider setting the 'logging.level.web' property to 'DEBUG'
14:17:01.576 logback-mybatis [restartedMain] INFO  o.s.d.r.c.RepositoryConfigurationDelegate - Multiple Spring Data modules found, entering strict repository configuration mode!
14:17:01.581 logback-mybatis [restartedMain] INFO  o.s.d.r.c.RepositoryConfigurationDelegate - Bootstrapping Spring Data repositories in DEFAULT mode.
14:17:01.840 logback-mybatis [restartedMain] INFO  o.s.d.r.c.RepositoryConfigurationDelegate - Finished Spring Data repository scanning in 231ms. Found 0 repository interfaces.
14:17:02.977 logback-mybatis [restartedMain] INFO  o.s.c.s.PostProcessorRegistrationDelegate$BeanPostProcessorChecker - Bean 'org.springframework.ws.config.annotation.DelegatingWsConfiguration' of type [org.springframework.ws.config.annotation.DelegatingWsConfiguration$$EnhancerBySpringCGLIB$$7675a784] is not eligible for getting processed by all BeanPostProcessors (for example: not eligible for auto-proxying)
14:17:03.051 logback-mybatis [restartedMain] INFO  o.s.w.s.a.s.AnnotationActionEndpointMapping - Supporting [WS-Addressing August 2004, WS-Addressing 1.0]
14:17:03.086 logback-mybatis [restartedMain] INFO  o.s.c.s.PostProcessorRegistrationDelegate$BeanPostProcessorChecker - Bean 'org.springframework.transaction.annotation.ProxyTransactionManagementConfiguration' of type [org.springframework.transaction.annotation.ProxyTransactionManagementConfiguration$$EnhancerBySpringCGLIB$$d1dde285] is not eligible for getting processed by all BeanPostProcessors (for example: not eligible for auto-proxying)
14:17:04.209 logback-mybatis [restartedMain] INFO  o.s.b.w.e.tomcat.TomcatWebServer - Tomcat initialized with port(s): 9090 (http)
14:17:04.247 logback-mybatis [restartedMain] INFO  o.a.coyote.http11.Http11NioProtocol - Initializing ProtocolHandler ["http-nio-9090"]
14:17:04.281 logback-mybatis [restartedMain] INFO  o.a.catalina.core.StandardService - Starting service [Tomcat]
14:17:04.282 logback-mybatis [restartedMain] INFO  o.a.catalina.core.StandardEngine - Starting Servlet engine: [Apache Tomcat/9.0.14]
14:17:04.310 logback-mybatis [restartedMain] INFO  o.a.c.core.AprLifecycleListener - The APR based Apache Tomcat Native library which allows optimal performance in production environments was not found on the java.library.path: [C:\Program Files\Java\jdk1.8.0_40\bin;C:\WINDOWS\Sun\Java\bin;C:\WINDOWS\system32;C:\WINDOWS;E:\oracle\product\10.2.0\db_1\bin;C:\Program Files\Java\jdk1.8.0_40\bin;C:\Program Files\Java\jdk1.8.0_40\jre\bin;C:\ProgramData\Oracle\Java\javapath;C:\WINDOWS\system32;C:\WINDOWS;C:\WINDOWS\System32\Wbem;C:\WINDOWS\System32\WindowsPowerShell\v1.0\;C:\Program Files\MySQL\MySQL Server 5.5\bin;C:\WINDOWS\System32\OpenSSH\;C:\Program Files\TortoiseSVN\bin;D:\jarpackage\maven\apache-maven-3.0.5\bin;D:\Program Files\Git\cmd;C:\Users\Administrator\AppData\Local\Microsoft\WindowsApps;;D:\Program Files\JetBrains\IntelliJ IDEA 2018.3.2\bin;;.]
14:17:05.253 logback-mybatis [restartedMain] INFO  org.apache.jasper.servlet.TldScanner - At least one JAR was scanned for TLDs yet contained no TLDs. Enable debug logging for this logger for a complete list of JARs that were scanned but no TLDs were found in them. Skipping unneeded JARs during scanning can improve startup time and JSP compilation time.
14:17:05.262 logback-mybatis [restartedMain] INFO  o.a.c.c.C.[Tomcat].[localhost].[/] - Initializing Spring embedded WebApplicationContext
14:17:05.263 logback-mybatis [restartedMain] INFO  o.s.web.context.ContextLoader - Root WebApplicationContext: initialization completed in 7516 ms
14:17:08.020 logback-mybatis [restartedMain] INFO  o.s.s.c.ThreadPoolTaskExecutor - Initializing ExecutorService 'applicationTaskExecutor'
14:17:08.336 logback-mybatis [restartedMain] INFO  o.s.b.a.w.s.WelcomePageHandlerMapping - Adding welcome page template: index
14:17:10.788 logback-mybatis [restartedMain] INFO  o.s.b.d.a.OptionalLiveReloadServer - LiveReload server is running on port 35729
14:17:10.934 logback-mybatis [restartedMain] INFO  o.a.coyote.http11.Http11NioProtocol - Starting ProtocolHandler ["http-nio-9090"]
14:17:11.077 logback-mybatis [restartedMain] INFO  o.s.b.w.e.tomcat.TomcatWebServer - Tomcat started on port(s): 9090 (http) with context path ''
14:17:11.086 logback-mybatis [restartedMain] INFO  com.dragon.book.BookApplication - Started BookApplication in 15.245 seconds (JVM running for 18.859)
14:17:18.236 logback-mybatis [http-nio-9090-exec-10] INFO  o.a.c.c.C.[Tomcat].[localhost].[/] - Initializing Spring DispatcherServlet 'dispatcherServlet'
14:17:18.236 logback-mybatis [http-nio-9090-exec-10] INFO  o.s.web.servlet.DispatcherServlet - Initializing Servlet 'dispatcherServlet'
14:17:18.257 logback-mybatis [http-nio-9090-exec-10] INFO  o.s.web.servlet.DispatcherServlet - Completed initialization in 20 ms
14:17:20.853 logback-mybatis [http-nio-9090-exec-8] INFO  c.d.b.interceptor.LoginInterceptor - username: null
14:17:20.853 logback-mybatis [http-nio-9090-exec-8] INFO  c.d.b.interceptor.LoginInterceptor - >>>: http://localhost:9090/Home
14:17:24.361 logback-mybatis [http-nio-9090-exec-3] INFO  com.zaxxer.hikari.HikariDataSource - HikariPool-1 - Starting...
14:17:24.840 logback-mybatis [http-nio-9090-exec-3] INFO  com.zaxxer.hikari.HikariDataSource - HikariPool-1 - Start completed.
14:17:25.144 logback-mybatis [http-nio-9090-exec-10] INFO  c.d.b.interceptor.LoginInterceptor - username: admin12
14:17:25.144 logback-mybatis [http-nio-9090-exec-10] INFO  c.d.b.interceptor.LoginInterceptor - >>>: http://localhost:9090/Home
14:17:27.021 logback-mybatis [http-nio-9090-exec-9] INFO  c.d.b.interceptor.LoginInterceptor - username: admin12
14:17:27.022 logback-mybatis [http-nio-9090-exec-9] INFO  c.d.b.interceptor.LoginInterceptor - >>>: http://localhost:9090/eBookFile/toUpload
14:18:30.065 logback-mybatis [http-nio-9090-exec-9] INFO  c.d.b.interceptor.LoginInterceptor - username: admin12
14:18:30.066 logback-mybatis [http-nio-9090-exec-9] INFO  c.d.b.interceptor.LoginInterceptor - >>>: http://localhost:9090/eBookFile/bookUpload
14:18:33.240 logback-mybatis [http-nio-9090-exec-7] INFO  c.d.b.interceptor.LoginInterceptor - username: admin12
14:18:33.240 logback-mybatis [http-nio-9090-exec-7] INFO  c.d.b.interceptor.LoginInterceptor - >>>: http://localhost:9090/eBookFile/ebookManger
14:18:34.125 logback-mybatis [http-nio-9090-exec-6] INFO  c.d.b.interceptor.LoginInterceptor - username: admin12
14:18:34.125 logback-mybatis [http-nio-9090-exec-6] INFO  c.d.b.interceptor.LoginInterceptor - >>>: http://localhost:9090/eBookFile/ebookPage
14:18:36.667 logback-mybatis [http-nio-9090-exec-9] INFO  c.d.b.interceptor.LoginInterceptor - username: admin12
14:18:36.668 logback-mybatis [http-nio-9090-exec-9] INFO  c.d.b.interceptor.LoginInterceptor - >>>: http://localhost:9090/eBookFile/ebookPage
14:18:38.392 logback-mybatis [http-nio-9090-exec-7] INFO  c.d.b.interceptor.LoginInterceptor - username: admin12
14:18:38.393 logback-mybatis [http-nio-9090-exec-7] INFO  c.d.b.interceptor.LoginInterceptor - >>>: http://localhost:9090/eBookFile/ebookPage
14:18:38.925 logback-mybatis [http-nio-9090-exec-4] INFO  c.d.b.interceptor.LoginInterceptor - username: admin12
14:18:38.926 logback-mybatis [http-nio-9090-exec-4] INFO  c.d.b.interceptor.LoginInterceptor - >>>: http://localhost:9090/eBookFile/ebookPage
16:19:41.949 logback-mybatis [Thread-10] INFO  o.s.s.c.ThreadPoolTaskExecutor - Shutting down ExecutorService 'applicationTaskExecutor'
16:19:41.951 logback-mybatis [Thread-10] INFO  com.zaxxer.hikari.HikariDataSource - HikariPool-1 - Shutdown initiated...
16:19:41.965 logback-mybatis [Thread-10] INFO  com.zaxxer.hikari.HikariDataSource - HikariPool-1 - Shutdown completed.
16:33:25.843 logback-mybatis [restartedMain] INFO  com.dragon.book.BookApplication - Starting BookApplication on AGOE2345-231742 with PID 1480 (E:\IdeaProjects\books\BOOK\target\classes started by Administrator in E:\IdeaProjects\books\BOOK)
16:33:25.849 logback-mybatis [restartedMain] INFO  com.dragon.book.BookApplication - No active profile set, falling back to default profiles: default
16:33:26.025 logback-mybatis [restartedMain] INFO  o.s.b.d.e.DevToolsPropertyDefaultsPostProcessor - Devtools property defaults active! Set 'spring.devtools.add-properties' to 'false' to disable
16:33:26.026 logback-mybatis [restartedMain] INFO  o.s.b.d.e.DevToolsPropertyDefaultsPostProcessor - For additional web related logging consider setting the 'logging.level.web' property to 'DEBUG'
16:33:28.921 logback-mybatis [restartedMain] INFO  o.s.d.r.c.RepositoryConfigurationDelegate - Multiple Spring Data modules found, entering strict repository configuration mode!
16:33:28.926 logback-mybatis [restartedMain] INFO  o.s.d.r.c.RepositoryConfigurationDelegate - Bootstrapping Spring Data repositories in DEFAULT mode.
16:33:29.055 logback-mybatis [restartedMain] INFO  o.s.d.r.c.RepositoryConfigurationDelegate - Finished Spring Data repository scanning in 101ms. Found 0 repository interfaces.
16:33:30.088 logback-mybatis [restartedMain] INFO  o.s.c.s.PostProcessorRegistrationDelegate$BeanPostProcessorChecker - Bean 'org.springframework.ws.config.annotation.DelegatingWsConfiguration' of type [org.springframework.ws.config.annotation.DelegatingWsConfiguration$$EnhancerBySpringCGLIB$$d7fb6346] is not eligible for getting processed by all BeanPostProcessors (for example: not eligible for auto-proxying)
16:33:30.187 logback-mybatis [restartedMain] INFO  o.s.w.s.a.s.AnnotationActionEndpointMapping - Supporting [WS-Addressing August 2004, WS-Addressing 1.0]
16:33:30.227 logback-mybatis [restartedMain] INFO  o.s.c.s.PostProcessorRegistrationDelegate$BeanPostProcessorChecker - Bean 'org.springframework.transaction.annotation.ProxyTransactionManagementConfiguration' of type [org.springframework.transaction.annotation.ProxyTransactionManagementConfiguration$$EnhancerBySpringCGLIB$$33639e47] is not eligible for getting processed by all BeanPostProcessors (for example: not eligible for auto-proxying)
16:33:31.272 logback-mybatis [restartedMain] INFO  o.s.b.w.e.tomcat.TomcatWebServer - Tomcat initialized with port(s): 9090 (http)
16:33:31.309 logback-mybatis [restartedMain] INFO  o.a.coyote.http11.Http11NioProtocol - Initializing ProtocolHandler ["http-nio-9090"]
16:33:31.340 logback-mybatis [restartedMain] INFO  o.a.catalina.core.StandardService - Starting service [Tomcat]
16:33:31.341 logback-mybatis [restartedMain] INFO  o.a.catalina.core.StandardEngine - Starting Servlet engine: [Apache Tomcat/9.0.14]
16:33:31.361 logback-mybatis [restartedMain] INFO  o.a.c.core.AprLifecycleListener - The APR based Apache Tomcat Native library which allows optimal performance in production environments was not found on the java.library.path: [C:\Program Files\Java\jdk1.8.0_40\bin;C:\WINDOWS\Sun\Java\bin;C:\WINDOWS\system32;C:\WINDOWS;E:\oracle\product\10.2.0\db_1\bin;C:\Program Files\Java\jdk1.8.0_40\bin;C:\Program Files\Java\jdk1.8.0_40\jre\bin;C:\ProgramData\Oracle\Java\javapath;C:\WINDOWS\system32;C:\WINDOWS;C:\WINDOWS\System32\Wbem;C:\WINDOWS\System32\WindowsPowerShell\v1.0\;C:\Program Files\MySQL\MySQL Server 5.5\bin;C:\WINDOWS\System32\OpenSSH\;C:\Program Files\TortoiseSVN\bin;D:\jarpackage\maven\apache-maven-3.0.5\bin;D:\Program Files\Git\cmd;C:\Users\Administrator\AppData\Local\Microsoft\WindowsApps;;D:\Program Files\JetBrains\IntelliJ IDEA 2018.3.2\bin;;.]
16:33:32.994 logback-mybatis [restartedMain] INFO  org.apache.jasper.servlet.TldScanner - At least one JAR was scanned for TLDs yet contained no TLDs. Enable debug logging for this logger for a complete list of JARs that were scanned but no TLDs were found in them. Skipping unneeded JARs during scanning can improve startup time and JSP compilation time.
16:33:33.004 logback-mybatis [restartedMain] INFO  o.a.c.c.C.[Tomcat].[localhost].[/] - Initializing Spring embedded WebApplicationContext
16:33:33.005 logback-mybatis [restartedMain] INFO  o.s.web.context.ContextLoader - Root WebApplicationContext: initialization completed in 6978 ms
16:33:35.672 logback-mybatis [restartedMain] INFO  o.s.s.c.ThreadPoolTaskExecutor - Initializing ExecutorService 'applicationTaskExecutor'
16:33:36.335 logback-mybatis [restartedMain] INFO  o.s.b.a.w.s.WelcomePageHandlerMapping - Adding welcome page template: index
16:33:39.318 logback-mybatis [restartedMain] INFO  o.s.b.d.a.OptionalLiveReloadServer - LiveReload server is running on port 35729
16:33:39.398 logback-mybatis [restartedMain] INFO  o.a.coyote.http11.Http11NioProtocol - Starting ProtocolHandler ["http-nio-9090"]
16:33:39.494 logback-mybatis [restartedMain] INFO  o.s.b.w.e.tomcat.TomcatWebServer - Tomcat started on port(s): 9090 (http) with context path ''
16:33:39.501 logback-mybatis [restartedMain] INFO  com.dragon.book.BookApplication - Started BookApplication in 15.631 seconds (JVM running for 18.912)
16:38:15.241 logback-mybatis [Thread-10] INFO  o.s.s.c.ThreadPoolTaskExecutor - Shutting down ExecutorService 'applicationTaskExecutor'
16:38:30.529 logback-mybatis [restartedMain] INFO  com.dragon.book.BookApplication - Starting BookApplication on AGOE2345-231742 with PID 3068 (E:\IdeaProjects\books\BOOK\target\classes started by Administrator in E:\IdeaProjects\books\BOOK)
16:38:30.537 logback-mybatis [restartedMain] INFO  com.dragon.book.BookApplication - No active profile set, falling back to default profiles: default
16:38:30.709 logback-mybatis [restartedMain] INFO  o.s.b.d.e.DevToolsPropertyDefaultsPostProcessor - Devtools property defaults active! Set 'spring.devtools.add-properties' to 'false' to disable
16:38:30.709 logback-mybatis [restartedMain] INFO  o.s.b.d.e.DevToolsPropertyDefaultsPostProcessor - For additional web related logging consider setting the 'logging.level.web' property to 'DEBUG'
16:38:33.286 logback-mybatis [restartedMain] INFO  o.s.d.r.c.RepositoryConfigurationDelegate - Multiple Spring Data modules found, entering strict repository configuration mode!
16:38:33.298 logback-mybatis [restartedMain] INFO  o.s.d.r.c.RepositoryConfigurationDelegate - Bootstrapping Spring Data repositories in DEFAULT mode.
16:38:33.505 logback-mybatis [restartedMain] INFO  o.s.d.r.c.RepositoryConfigurationDelegate - Finished Spring Data repository scanning in 155ms. Found 0 repository interfaces.
16:38:34.820 logback-mybatis [restartedMain] INFO  o.s.c.s.PostProcessorRegistrationDelegate$BeanPostProcessorChecker - Bean 'org.springframework.ws.config.annotation.DelegatingWsConfiguration' of type [org.springframework.ws.config.annotation.DelegatingWsConfiguration$$EnhancerBySpringCGLIB$$475109c0] is not eligible for getting processed by all BeanPostProcessors (for example: not eligible for auto-proxying)
16:38:34.888 logback-mybatis [restartedMain] INFO  o.s.w.s.a.s.AnnotationActionEndpointMapping - Supporting [WS-Addressing August 2004, WS-Addressing 1.0]
16:38:34.928 logback-mybatis [restartedMain] INFO  o.s.c.s.PostProcessorRegistrationDelegate$BeanPostProcessorChecker - Bean 'org.springframework.transaction.annotation.ProxyTransactionManagementConfiguration' of type [org.springframework.transaction.annotation.ProxyTransactionManagementConfiguration$$EnhancerBySpringCGLIB$$a2b944c1] is not eligible for getting processed by all BeanPostProcessors (for example: not eligible for auto-proxying)
16:38:36.348 logback-mybatis [restartedMain] INFO  o.s.b.w.e.tomcat.TomcatWebServer - Tomcat initialized with port(s): 9090 (http)
16:38:36.380 logback-mybatis [restartedMain] INFO  o.a.coyote.http11.Http11NioProtocol - Initializing ProtocolHandler ["http-nio-9090"]
16:38:36.404 logback-mybatis [restartedMain] INFO  o.a.catalina.core.StandardService - Starting service [Tomcat]
16:38:36.405 logback-mybatis [restartedMain] INFO  o.a.catalina.core.StandardEngine - Starting Servlet engine: [Apache Tomcat/9.0.14]
16:38:36.430 logback-mybatis [restartedMain] INFO  o.a.c.core.AprLifecycleListener - The APR based Apache Tomcat Native library which allows optimal performance in production environments was not found on the java.library.path: [C:\Program Files\Java\jdk1.8.0_40\bin;C:\WINDOWS\Sun\Java\bin;C:\WINDOWS\system32;C:\WINDOWS;E:\oracle\product\10.2.0\db_1\bin;C:\Program Files\Java\jdk1.8.0_40\bin;C:\Program Files\Java\jdk1.8.0_40\jre\bin;C:\ProgramData\Oracle\Java\javapath;C:\WINDOWS\system32;C:\WINDOWS;C:\WINDOWS\System32\Wbem;C:\WINDOWS\System32\WindowsPowerShell\v1.0\;C:\Program Files\MySQL\MySQL Server 5.5\bin;C:\WINDOWS\System32\OpenSSH\;C:\Program Files\TortoiseSVN\bin;D:\jarpackage\maven\apache-maven-3.0.5\bin;D:\Program Files\Git\cmd;C:\Users\Administrator\AppData\Local\Microsoft\WindowsApps;;D:\Program Files\JetBrains\IntelliJ IDEA 2018.3.2\bin;;.]
16:38:37.370 logback-mybatis [restartedMain] INFO  org.apache.jasper.servlet.TldScanner - At least one JAR was scanned for TLDs yet contained no TLDs. Enable debug logging for this logger for a complete list of JARs that were scanned but no TLDs were found in them. Skipping unneeded JARs during scanning can improve startup time and JSP compilation time.
16:38:37.380 logback-mybatis [restartedMain] INFO  o.a.c.c.C.[Tomcat].[localhost].[/] - Initializing Spring embedded WebApplicationContext
16:38:37.381 logback-mybatis [restartedMain] INFO  o.s.web.context.ContextLoader - Root WebApplicationContext: initialization completed in 6672 ms
16:38:41.014 logback-mybatis [restartedMain] INFO  o.s.s.c.ThreadPoolTaskExecutor - Initializing ExecutorService 'applicationTaskExecutor'
16:38:41.350 logback-mybatis [restartedMain] INFO  o.s.b.a.w.s.WelcomePageHandlerMapping - Adding welcome page template: index
16:38:43.929 logback-mybatis [restartedMain] INFO  o.s.b.d.a.OptionalLiveReloadServer - LiveReload server is running on port 35729
16:38:43.999 logback-mybatis [restartedMain] INFO  o.a.coyote.http11.Http11NioProtocol - Starting ProtocolHandler ["http-nio-9090"]
16:38:44.091 logback-mybatis [restartedMain] INFO  o.s.b.w.e.tomcat.TomcatWebServer - Tomcat started on port(s): 9090 (http) with context path ''
16:38:44.098 logback-mybatis [restartedMain] INFO  com.dragon.book.BookApplication - Started BookApplication in 15.28 seconds (JVM running for 18.52)
16:39:00.560 logback-mybatis [http-nio-9090-exec-1] INFO  o.a.c.c.C.[Tomcat].[localhost].[/] - Initializing Spring DispatcherServlet 'dispatcherServlet'
16:39:00.560 logback-mybatis [http-nio-9090-exec-1] INFO  o.s.web.servlet.DispatcherServlet - Initializing Servlet 'dispatcherServlet'
16:39:00.583 logback-mybatis [http-nio-9090-exec-1] INFO  o.s.web.servlet.DispatcherServlet - Completed initialization in 23 ms
16:39:02.332 logback-mybatis [http-nio-9090-exec-2] INFO  c.d.b.interceptor.LoginInterceptor - username: null
16:39:02.332 logback-mybatis [http-nio-9090-exec-2] INFO  c.d.b.interceptor.LoginInterceptor - >>>: http://localhost:9090/Home
16:39:04.384 logback-mybatis [http-nio-9090-exec-4] INFO  com.zaxxer.hikari.HikariDataSource - HikariPool-1 - Starting...
16:39:04.693 logback-mybatis [http-nio-9090-exec-4] INFO  com.zaxxer.hikari.HikariDataSource - HikariPool-1 - Start completed.
16:39:04.878 logback-mybatis [http-nio-9090-exec-5] INFO  c.d.b.interceptor.LoginInterceptor - username: admin12
16:39:04.878 logback-mybatis [http-nio-9090-exec-5] INFO  c.d.b.interceptor.LoginInterceptor - >>>: http://localhost:9090/Home
16:39:06.876 logback-mybatis [http-nio-9090-exec-6] INFO  c.d.b.interceptor.LoginInterceptor - username: admin12
16:39:06.876 logback-mybatis [http-nio-9090-exec-6] INFO  c.d.b.interceptor.LoginInterceptor - >>>: http://localhost:9090/eBookFile/toUpload
16:39:09.351 logback-mybatis [http-nio-9090-exec-8] INFO  c.d.b.interceptor.LoginInterceptor - username: admin12
16:39:09.351 logback-mybatis [http-nio-9090-exec-8] INFO  c.d.b.interceptor.LoginInterceptor - >>>: http://localhost:9090/eBookFile/ebookManger
16:39:09.775 logback-mybatis [http-nio-9090-exec-9] INFO  c.d.b.interceptor.LoginInterceptor - username: admin12
16:39:09.775 logback-mybatis [http-nio-9090-exec-9] INFO  c.d.b.interceptor.LoginInterceptor - >>>: http://localhost:9090/eBookFile/ebookPage
16:39:20.019 logback-mybatis [http-nio-9090-exec-1] INFO  c.d.b.interceptor.LoginInterceptor - username: admin12
16:39:20.019 logback-mybatis [http-nio-9090-exec-1] INFO  c.d.b.interceptor.LoginInterceptor - >>>: http://localhost:9090/adminindex
16:39:20.917 logback-mybatis [http-nio-9090-exec-2] INFO  c.d.b.interceptor.LoginInterceptor - username: admin12
16:39:20.917 logback-mybatis [http-nio-9090-exec-2] INFO  c.d.b.interceptor.LoginInterceptor - >>>: http://localhost:9090/Home
16:39:22.101 logback-mybatis [http-nio-9090-exec-3] INFO  c.d.b.interceptor.LoginInterceptor - username: admin12
16:39:22.101 logback-mybatis [http-nio-9090-exec-3] INFO  c.d.b.interceptor.LoginInterceptor - >>>: http://localhost:9090/borrowCheck/borrow
16:39:22.642 logback-mybatis [http-nio-9090-exec-4] INFO  c.d.b.interceptor.LoginInterceptor - username: admin12
16:39:22.642 logback-mybatis [http-nio-9090-exec-4] INFO  c.d.b.interceptor.LoginInterceptor - >>>: http://localhost:9090/borrowCheck/page
16:39:22.794 logback-mybatis [http-nio-9090-exec-4] ERROR o.a.c.c.C.[.[.[.[dispatcherServlet] - Servlet.service() for servlet [dispatcherServlet] in context with path [] threw exception [Request processing failed; nested exception is org.springframework.jdbc.BadSqlGrammarException: 
### Error querying database.  Cause: java.sql.SQLSyntaxErrorException: Unknown column 'e.sId' in 'where clause'
### The error may exist in file [E:\IdeaProjects\books\BOOK\target\classes\com\dragon\book\mapper\CheckMapper.xml]
### The error may involve defaultParameterMap
### The error occurred while setting parameters
### SQL: SELECT count(*) FROM         (SELECT s.xm,t.* FROM t_borrow t LEFT JOIN t_sys_user s ON t.user_id = s.user_id ) e,t_book b         WHERE b.isbn=e.sId
### Cause: java.sql.SQLSyntaxErrorException: Unknown column 'e.sId' in 'where clause'
; bad SQL grammar []; nested exception is java.sql.SQLSyntaxErrorException: Unknown column 'e.sId' in 'where clause'] with root cause
java.sql.SQLSyntaxErrorException: Unknown column 'e.sId' in 'where clause'
	at com.mysql.cj.jdbc.exceptions.SQLError.createSQLException(SQLError.java:120)
	at com.mysql.cj.jdbc.exceptions.SQLError.createSQLException(SQLError.java:97)
	at com.mysql.cj.jdbc.exceptions.SQLExceptionsMapping.translateException(SQLExceptionsMapping.java:122)
	at com.mysql.cj.jdbc.ClientPreparedStatement.executeInternal(ClientPreparedStatement.java:974)
	at com.mysql.cj.jdbc.ClientPreparedStatement.execute(ClientPreparedStatement.java:391)
	at com.zaxxer.hikari.pool.ProxyPreparedStatement.execute(ProxyPreparedStatement.java:44)
	at com.zaxxer.hikari.pool.HikariProxyPreparedStatement.execute(HikariProxyPreparedStatement.java)
	at org.apache.ibatis.executor.statement.PreparedStatementHandler.query(PreparedStatementHandler.java:63)
	at org.apache.ibatis.executor.statement.RoutingStatementHandler.query(RoutingStatementHandler.java:79)
	at org.apache.ibatis.executor.SimpleExecutor.doQuery(SimpleExecutor.java:63)
	at org.apache.ibatis.executor.BaseExecutor.queryFromDatabase(BaseExecutor.java:326)
	at org.apache.ibatis.executor.BaseExecutor.query(BaseExecutor.java:156)
	at org.apache.ibatis.executor.CachingExecutor.query(CachingExecutor.java:109)
	at com.github.pagehelper.PageInterceptor.intercept(PageInterceptor.java:143)
	at org.apache.ibatis.plugin.Plugin.invoke(Plugin.java:61)
	at com.sun.proxy.$Proxy98.query(Unknown Source)
	at org.apache.ibatis.session.defaults.DefaultSqlSession.selectList(DefaultSqlSession.java:148)
	at org.apache.ibatis.session.defaults.DefaultSqlSession.selectList(DefaultSqlSession.java:141)
	at org.apache.ibatis.session.defaults.DefaultSqlSession.selectOne(DefaultSqlSession.java:77)
	at sun.reflect.NativeMethodAccessorImpl.invoke0(Native Method)
	at sun.reflect.NativeMethodAccessorImpl.invoke(NativeMethodAccessorImpl.java:62)
	at sun.reflect.DelegatingMethodAccessorImpl.invoke(DelegatingMethodAccessorImpl.java:43)
	at java.lang.reflect.Method.invoke(Method.java:497)
	at org.mybatis.spring.SqlSessionTemplate$SqlSessionInterceptor.invoke(SqlSessionTemplate.java:433)
	at com.sun.proxy.$Proxy62.selectOne(Unknown Source)
	at org.mybatis.spring.SqlSessionTemplate.selectOne(SqlSessionTemplate.java:166)
	at org.apache.ibatis.binding.MapperMethod.execute(MapperMethod.java:83)
	at org.apache.ibatis.binding.MapperProxy.invoke(MapperProxy.java:59)
	at com.sun.proxy.$Proxy80.getCounts(Unknown Source)
	at com.dragon.book.service.impl.BorrowCheckServiceImpl.getCounts(BorrowCheckServiceImpl.java:33)
	at com.dragon.book.controller.BorrowCheckController.showBookBorrowPage(BorrowCheckController.java:43)
	at sun.reflect.NativeMethodAccessorImpl.invoke0(Native Method)
	at sun.reflect.NativeMethodAccessorImpl.invoke(NativeMethodAccessorImpl.java:62)
	at sun.reflect.DelegatingMethodAccessorImpl.invoke(DelegatingMethodAccessorImpl.java:43)
	at java.lang.reflect.Method.invoke(Method.java:497)
	at org.springframework.web.method.support.InvocableHandlerMethod.doInvoke(InvocableHandlerMethod.java:189)
	at org.springframework.web.method.support.InvocableHandlerMethod.invokeForRequest(InvocableHandlerMethod.java:138)
	at org.springframework.web.servlet.mvc.method.annotation.ServletInvocableHandlerMethod.invokeAndHandle(ServletInvocableHandlerMethod.java:102)
	at org.springframework.web.servlet.mvc.method.annotation.RequestMappingHandlerAdapter.invokeHandlerMethod(RequestMappingHandlerAdapter.java:895)
	at org.springframework.web.servlet.mvc.method.annotation.RequestMappingHandlerAdapter.handleInternal(RequestMappingHandlerAdapter.java:800)
	at org.springframework.web.servlet.mvc.method.AbstractHandlerMethodAdapter.handle(AbstractHandlerMethodAdapter.java:87)
	at org.springframework.web.servlet.DispatcherServlet.doDispatch(DispatcherServlet.java:1038)
	at org.springframework.web.servlet.DispatcherServlet.doService(DispatcherServlet.java:942)
	at org.springframework.web.servlet.FrameworkServlet.processRequest(FrameworkServlet.java:1005)
	at org.springframework.web.servlet.FrameworkServlet.doGet(FrameworkServlet.java:897)
	at javax.servlet.http.HttpServlet.service(HttpServlet.java:634)
	at org.springframework.web.servlet.FrameworkServlet.service(FrameworkServlet.java:882)
	at javax.servlet.http.HttpServlet.service(HttpServlet.java:741)
	at org.apache.catalina.core.ApplicationFilterChain.internalDoFilter(ApplicationFilterChain.java:231)
	at org.apache.catalina.core.ApplicationFilterChain.doFilter(ApplicationFilterChain.java:166)
	at org.apache.tomcat.websocket.server.WsFilter.doFilter(WsFilter.java:53)
	at org.apache.catalina.core.ApplicationFilterChain.internalDoFilter(ApplicationFilterChain.java:193)
	at org.apache.catalina.core.ApplicationFilterChain.doFilter(ApplicationFilterChain.java:166)
	at org.springframework.web.filter.RequestContextFilter.doFilterInternal(RequestContextFilter.java:99)
	at org.springframework.web.filter.OncePerRequestFilter.doFilter(OncePerRequestFilter.java:107)
	at org.apache.catalina.core.ApplicationFilterChain.internalDoFilter(ApplicationFilterChain.java:193)
	at org.apache.catalina.core.ApplicationFilterChain.doFilter(ApplicationFilterChain.java:166)
	at org.springframework.web.filter.FormContentFilter.doFilterInternal(FormContentFilter.java:92)
	at org.springframework.web.filter.OncePerRequestFilter.doFilter(OncePerRequestFilter.java:107)
	at org.apache.catalina.core.ApplicationFilterChain.internalDoFilter(ApplicationFilterChain.java:193)
	at org.apache.catalina.core.ApplicationFilterChain.doFilter(ApplicationFilterChain.java:166)
	at org.springframework.web.filter.HiddenHttpMethodFilter.doFilterInternal(HiddenHttpMethodFilter.java:93)
	at org.springframework.web.filter.OncePerRequestFilter.doFilter(OncePerRequestFilter.java:107)
	at org.apache.catalina.core.ApplicationFilterChain.internalDoFilter(ApplicationFilterChain.java:193)
	at org.apache.catalina.core.ApplicationFilterChain.doFilter(ApplicationFilterChain.java:166)
	at org.springframework.web.filter.CharacterEncodingFilter.doFilterInternal(CharacterEncodingFilter.java:200)
	at org.springframework.web.filter.OncePerRequestFilter.doFilter(OncePerRequestFilter.java:107)
	at org.apache.catalina.core.ApplicationFilterChain.internalDoFilter(ApplicationFilterChain.java:193)
	at org.apache.catalina.core.ApplicationFilterChain.doFilter(ApplicationFilterChain.java:166)
	at org.apache.catalina.core.StandardWrapperValve.invoke(StandardWrapperValve.java:199)
	at org.apache.catalina.core.StandardContextValve.invoke(StandardContextValve.java:96)
	at org.apache.catalina.authenticator.AuthenticatorBase.invoke(AuthenticatorBase.java:490)
	at org.apache.catalina.core.StandardHostValve.invoke(StandardHostValve.java:139)
	at org.apache.catalina.valves.ErrorReportValve.invoke(ErrorReportValve.java:92)
	at org.apache.catalina.core.StandardEngineValve.invoke(StandardEngineValve.java:74)
	at org.apache.catalina.connector.CoyoteAdapter.service(CoyoteAdapter.java:343)
	at org.apache.coyote.http11.Http11Processor.service(Http11Processor.java:408)
	at org.apache.coyote.AbstractProcessorLight.process(AbstractProcessorLight.java:66)
	at org.apache.coyote.AbstractProtocol$ConnectionHandler.process(AbstractProtocol.java:834)
	at org.apache.tomcat.util.net.NioEndpoint$SocketProcessor.doRun(NioEndpoint.java:1417)
	at org.apache.tomcat.util.net.SocketProcessorBase.run(SocketProcessorBase.java:49)
	at java.util.concurrent.ThreadPoolExecutor.runWorker(ThreadPoolExecutor.java:1142)
	at java.util.concurrent.ThreadPoolExecutor$Worker.run(ThreadPoolExecutor.java:617)
	at org.apache.tomcat.util.threads.TaskThread$WrappingRunnable.run(TaskThread.java:61)
	at java.lang.Thread.run(Thread.java:745)
16:44:55.941 logback-mybatis [Thread-10] INFO  o.s.s.c.ThreadPoolTaskExecutor - Shutting down ExecutorService 'applicationTaskExecutor'
16:44:55.944 logback-mybatis [Thread-10] INFO  com.zaxxer.hikari.HikariDataSource - HikariPool-1 - Shutdown initiated...
16:44:55.959 logback-mybatis [Thread-10] INFO  com.zaxxer.hikari.HikariDataSource - HikariPool-1 - Shutdown completed.
16:45:11.202 logback-mybatis [restartedMain] INFO  com.dragon.book.BookApplication - Starting BookApplication on AGOE2345-231742 with PID 1392 (E:\IdeaProjects\books\BOOK\target\classes started by Administrator in E:\IdeaProjects\books\BOOK)
16:45:11.209 logback-mybatis [restartedMain] INFO  com.dragon.book.BookApplication - No active profile set, falling back to default profiles: default
16:45:11.353 logback-mybatis [restartedMain] INFO  o.s.b.d.e.DevToolsPropertyDefaultsPostProcessor - Devtools property defaults active! Set 'spring.devtools.add-properties' to 'false' to disable
16:45:11.353 logback-mybatis [restartedMain] INFO  o.s.b.d.e.DevToolsPropertyDefaultsPostProcessor - For additional web related logging consider setting the 'logging.level.web' property to 'DEBUG'
16:45:13.588 logback-mybatis [restartedMain] INFO  o.s.d.r.c.RepositoryConfigurationDelegate - Multiple Spring Data modules found, entering strict repository configuration mode!
16:45:13.593 logback-mybatis [restartedMain] INFO  o.s.d.r.c.RepositoryConfigurationDelegate - Bootstrapping Spring Data repositories in DEFAULT mode.
16:45:13.712 logback-mybatis [restartedMain] INFO  o.s.d.r.c.RepositoryConfigurationDelegate - Finished Spring Data repository scanning in 90ms. Found 0 repository interfaces.
16:45:14.581 logback-mybatis [restartedMain] INFO  o.s.c.s.PostProcessorRegistrationDelegate$BeanPostProcessorChecker - Bean 'org.springframework.ws.config.annotation.DelegatingWsConfiguration' of type [org.springframework.ws.config.annotation.DelegatingWsConfiguration$$EnhancerBySpringCGLIB$$828d86fd] is not eligible for getting processed by all BeanPostProcessors (for example: not eligible for auto-proxying)
16:45:14.662 logback-mybatis [restartedMain] INFO  o.s.w.s.a.s.AnnotationActionEndpointMapping - Supporting [WS-Addressing August 2004, WS-Addressing 1.0]
16:45:14.705 logback-mybatis [restartedMain] INFO  o.s.c.s.PostProcessorRegistrationDelegate$BeanPostProcessorChecker - Bean 'org.springframework.transaction.annotation.ProxyTransactionManagementConfiguration' of type [org.springframework.transaction.annotation.ProxyTransactionManagementConfiguration$$EnhancerBySpringCGLIB$$ddf5c1fe] is not eligible for getting processed by all BeanPostProcessors (for example: not eligible for auto-proxying)
16:45:15.815 logback-mybatis [restartedMain] INFO  o.s.b.w.e.tomcat.TomcatWebServer - Tomcat initialized with port(s): 9090 (http)
16:45:15.850 logback-mybatis [restartedMain] INFO  o.a.coyote.http11.Http11NioProtocol - Initializing ProtocolHandler ["http-nio-9090"]
16:45:15.873 logback-mybatis [restartedMain] INFO  o.a.catalina.core.StandardService - Starting service [Tomcat]
16:45:15.874 logback-mybatis [restartedMain] INFO  o.a.catalina.core.StandardEngine - Starting Servlet engine: [Apache Tomcat/9.0.14]
16:45:15.898 logback-mybatis [restartedMain] INFO  o.a.c.core.AprLifecycleListener - The APR based Apache Tomcat Native library which allows optimal performance in production environments was not found on the java.library.path: [C:\Program Files\Java\jdk1.8.0_40\bin;C:\WINDOWS\Sun\Java\bin;C:\WINDOWS\system32;C:\WINDOWS;E:\oracle\product\10.2.0\db_1\bin;C:\Program Files\Java\jdk1.8.0_40\bin;C:\Program Files\Java\jdk1.8.0_40\jre\bin;C:\ProgramData\Oracle\Java\javapath;C:\WINDOWS\system32;C:\WINDOWS;C:\WINDOWS\System32\Wbem;C:\WINDOWS\System32\WindowsPowerShell\v1.0\;C:\Program Files\MySQL\MySQL Server 5.5\bin;C:\WINDOWS\System32\OpenSSH\;C:\Program Files\TortoiseSVN\bin;D:\jarpackage\maven\apache-maven-3.0.5\bin;D:\Program Files\Git\cmd;C:\Users\Administrator\AppData\Local\Microsoft\WindowsApps;;D:\Program Files\JetBrains\IntelliJ IDEA 2018.3.2\bin;;.]
16:45:16.573 logback-mybatis [restartedMain] INFO  org.apache.jasper.servlet.TldScanner - At least one JAR was scanned for TLDs yet contained no TLDs. Enable debug logging for this logger for a complete list of JARs that were scanned but no TLDs were found in them. Skipping unneeded JARs during scanning can improve startup time and JSP compilation time.
16:45:16.587 logback-mybatis [restartedMain] INFO  o.a.c.c.C.[Tomcat].[localhost].[/] - Initializing Spring embedded WebApplicationContext
16:45:16.588 logback-mybatis [restartedMain] INFO  o.s.web.context.ContextLoader - Root WebApplicationContext: initialization completed in 5235 ms
16:45:19.135 logback-mybatis [restartedMain] INFO  o.s.s.c.ThreadPoolTaskExecutor - Initializing ExecutorService 'applicationTaskExecutor'
16:45:19.418 logback-mybatis [restartedMain] INFO  o.s.b.a.w.s.WelcomePageHandlerMapping - Adding welcome page template: index
16:45:21.724 logback-mybatis [restartedMain] INFO  o.s.b.d.a.OptionalLiveReloadServer - LiveReload server is running on port 35729
16:45:21.790 logback-mybatis [restartedMain] INFO  o.a.coyote.http11.Http11NioProtocol - Starting ProtocolHandler ["http-nio-9090"]
16:45:21.899 logback-mybatis [restartedMain] INFO  o.s.b.w.e.tomcat.TomcatWebServer - Tomcat started on port(s): 9090 (http) with context path ''
16:45:21.905 logback-mybatis [restartedMain] INFO  com.dragon.book.BookApplication - Started BookApplication in 12.719 seconds (JVM running for 16.391)
16:45:43.701 logback-mybatis [http-nio-9090-exec-4] INFO  o.a.c.c.C.[Tomcat].[localhost].[/] - Initializing Spring DispatcherServlet 'dispatcherServlet'
16:45:43.701 logback-mybatis [http-nio-9090-exec-4] INFO  o.s.web.servlet.DispatcherServlet - Initializing Servlet 'dispatcherServlet'
16:45:43.727 logback-mybatis [http-nio-9090-exec-4] INFO  o.s.web.servlet.DispatcherServlet - Completed initialization in 26 ms
16:45:43.794 logback-mybatis [http-nio-9090-exec-4] INFO  c.d.b.interceptor.LoginInterceptor - username: admin12
16:45:43.795 logback-mybatis [http-nio-9090-exec-4] INFO  c.d.b.interceptor.LoginInterceptor - >>>: http://localhost:9090/adminindex
16:45:45.472 logback-mybatis [http-nio-9090-exec-6] INFO  c.d.b.interceptor.LoginInterceptor - username: admin12
16:45:45.473 logback-mybatis [http-nio-9090-exec-6] INFO  c.d.b.interceptor.LoginInterceptor - >>>: http://localhost:9090/Home
16:45:45.534 logback-mybatis [http-nio-9090-exec-6] INFO  com.zaxxer.hikari.HikariDataSource - HikariPool-1 - Starting...
16:45:45.892 logback-mybatis [http-nio-9090-exec-6] INFO  com.zaxxer.hikari.HikariDataSource - HikariPool-1 - Start completed.
16:45:46.612 logback-mybatis [http-nio-9090-exec-5] INFO  c.d.b.interceptor.LoginInterceptor - username: admin12
16:45:46.613 logback-mybatis [http-nio-9090-exec-5] INFO  c.d.b.interceptor.LoginInterceptor - >>>: http://localhost:9090/borrowCheck/borrow
16:45:47.554 logback-mybatis [http-nio-9090-exec-3] INFO  c.d.b.interceptor.LoginInterceptor - username: admin12
16:45:47.557 logback-mybatis [http-nio-9090-exec-3] INFO  c.d.b.interceptor.LoginInterceptor - >>>: http://localhost:9090/borrowCheck/page
16:45:47.665 logback-mybatis [http-nio-9090-exec-3] ERROR o.a.c.c.C.[.[.[.[dispatcherServlet] - Servlet.service() for servlet [dispatcherServlet] in context with path [] threw exception [Request processing failed; nested exception is org.mybatis.spring.MyBatisSystemException: nested exception is org.apache.ibatis.reflection.ReflectionException: There is no getter for property named 'user' in 'class com.dragon.book.model.TBorrow'] with root cause
org.apache.ibatis.reflection.ReflectionException: There is no getter for property named 'user' in 'class com.dragon.book.model.TBorrow'
	at org.apache.ibatis.reflection.Reflector.getGetInvoker(Reflector.java:419)
	at org.apache.ibatis.reflection.MetaClass.getGetInvoker(MetaClass.java:164)
	at org.apache.ibatis.reflection.wrapper.BeanWrapper.getBeanProperty(BeanWrapper.java:162)
	at org.apache.ibatis.reflection.wrapper.BeanWrapper.get(BeanWrapper.java:49)
	at org.apache.ibatis.reflection.MetaObject.getValue(MetaObject.java:122)
	at org.apache.ibatis.executor.resultset.DefaultResultSetHandler.instantiateCollectionPropertyIfAppropriate(DefaultResultSetHandler.java:1129)
	at org.apache.ibatis.executor.resultset.DefaultResultSetHandler.applyNestedResultMappings(DefaultResultSetHandler.java:961)
	at org.apache.ibatis.executor.resultset.DefaultResultSetHandler.getRowValue(DefaultResultSetHandler.java:918)
	at org.apache.ibatis.executor.resultset.DefaultResultSetHandler.handleRowValuesForNestedResultMap(DefaultResultSetHandler.java:881)
	at org.apache.ibatis.executor.resultset.DefaultResultSetHandler.handleRowValues(DefaultResultSetHandler.java:328)
	at org.apache.ibatis.executor.resultset.DefaultResultSetHandler.handleResultSet(DefaultResultSetHandler.java:303)
	at org.apache.ibatis.executor.resultset.DefaultResultSetHandler.handleResultSets(DefaultResultSetHandler.java:196)
	at org.apache.ibatis.executor.statement.PreparedStatementHandler.query(PreparedStatementHandler.java:64)
	at org.apache.ibatis.executor.statement.RoutingStatementHandler.query(RoutingStatementHandler.java:79)
	at org.apache.ibatis.executor.SimpleExecutor.doQuery(SimpleExecutor.java:63)
	at org.apache.ibatis.executor.BaseExecutor.queryFromDatabase(BaseExecutor.java:326)
	at org.apache.ibatis.executor.BaseExecutor.query(BaseExecutor.java:156)
	at org.apache.ibatis.executor.CachingExecutor.query(CachingExecutor.java:109)
	at com.github.pagehelper.PageInterceptor.intercept(PageInterceptor.java:143)
	at org.apache.ibatis.plugin.Plugin.invoke(Plugin.java:61)
	at com.sun.proxy.$Proxy96.query(Unknown Source)
	at org.apache.ibatis.session.defaults.DefaultSqlSession.selectList(DefaultSqlSession.java:148)
	at org.apache.ibatis.session.defaults.DefaultSqlSession.selectList(DefaultSqlSession.java:141)
	at sun.reflect.NativeMethodAccessorImpl.invoke0(Native Method)
	at sun.reflect.NativeMethodAccessorImpl.invoke(NativeMethodAccessorImpl.java:62)
	at sun.reflect.DelegatingMethodAccessorImpl.invoke(DelegatingMethodAccessorImpl.java:43)
	at java.lang.reflect.Method.invoke(Method.java:497)
	at org.mybatis.spring.SqlSessionTemplate$SqlSessionInterceptor.invoke(SqlSessionTemplate.java:433)
	at com.sun.proxy.$Proxy62.selectList(Unknown Source)
	at org.mybatis.spring.SqlSessionTemplate.selectList(SqlSessionTemplate.java:230)
	at org.apache.ibatis.binding.MapperMethod.executeForMany(MapperMethod.java:139)
	at org.apache.ibatis.binding.MapperMethod.execute(MapperMethod.java:76)
	at org.apache.ibatis.binding.MapperProxy.invoke(MapperProxy.java:59)
	at com.sun.proxy.$Proxy80.getTBorrowCheckList(Unknown Source)
	at com.dragon.book.service.impl.BorrowCheckServiceImpl.getTBorrowCheckList(BorrowCheckServiceImpl.java:28)
	at com.dragon.book.controller.BorrowCheckController.showBookBorrowPage(BorrowCheckController.java:46)
	at sun.reflect.NativeMethodAccessorImpl.invoke0(Native Method)
	at sun.reflect.NativeMethodAccessorImpl.invoke(NativeMethodAccessorImpl.java:62)
	at sun.reflect.DelegatingMethodAccessorImpl.invoke(DelegatingMethodAccessorImpl.java:43)
	at java.lang.reflect.Method.invoke(Method.java:497)
	at org.springframework.web.method.support.InvocableHandlerMethod.doInvoke(InvocableHandlerMethod.java:189)
	at org.springframework.web.method.support.InvocableHandlerMethod.invokeForRequest(InvocableHandlerMethod.java:138)
	at org.springframework.web.servlet.mvc.method.annotation.ServletInvocableHandlerMethod.invokeAndHandle(ServletInvocableHandlerMethod.java:102)
	at org.springframework.web.servlet.mvc.method.annotation.RequestMappingHandlerAdapter.invokeHandlerMethod(RequestMappingHandlerAdapter.java:895)
	at org.springframework.web.servlet.mvc.method.annotation.RequestMappingHandlerAdapter.handleInternal(RequestMappingHandlerAdapter.java:800)
	at org.springframework.web.servlet.mvc.method.AbstractHandlerMethodAdapter.handle(AbstractHandlerMethodAdapter.java:87)
	at org.springframework.web.servlet.DispatcherServlet.doDispatch(DispatcherServlet.java:1038)
	at org.springframework.web.servlet.DispatcherServlet.doService(DispatcherServlet.java:942)
	at org.springframework.web.servlet.FrameworkServlet.processRequest(FrameworkServlet.java:1005)
	at org.springframework.web.servlet.FrameworkServlet.doGet(FrameworkServlet.java:897)
	at javax.servlet.http.HttpServlet.service(HttpServlet.java:634)
	at org.springframework.web.servlet.FrameworkServlet.service(FrameworkServlet.java:882)
	at javax.servlet.http.HttpServlet.service(HttpServlet.java:741)
	at org.apache.catalina.core.ApplicationFilterChain.internalDoFilter(ApplicationFilterChain.java:231)
	at org.apache.catalina.core.ApplicationFilterChain.doFilter(ApplicationFilterChain.java:166)
	at org.apache.tomcat.websocket.server.WsFilter.doFilter(WsFilter.java:53)
	at org.apache.catalina.core.ApplicationFilterChain.internalDoFilter(ApplicationFilterChain.java:193)
	at org.apache.catalina.core.ApplicationFilterChain.doFilter(ApplicationFilterChain.java:166)
	at org.springframework.web.filter.RequestContextFilter.doFilterInternal(RequestContextFilter.java:99)
	at org.springframework.web.filter.OncePerRequestFilter.doFilter(OncePerRequestFilter.java:107)
	at org.apache.catalina.core.ApplicationFilterChain.internalDoFilter(ApplicationFilterChain.java:193)
	at org.apache.catalina.core.ApplicationFilterChain.doFilter(ApplicationFilterChain.java:166)
	at org.springframework.web.filter.FormContentFilter.doFilterInternal(FormContentFilter.java:92)
	at org.springframework.web.filter.OncePerRequestFilter.doFilter(OncePerRequestFilter.java:107)
	at org.apache.catalina.core.ApplicationFilterChain.internalDoFilter(ApplicationFilterChain.java:193)
	at org.apache.catalina.core.ApplicationFilterChain.doFilter(ApplicationFilterChain.java:166)
	at org.springframework.web.filter.HiddenHttpMethodFilter.doFilterInternal(HiddenHttpMethodFilter.java:93)
	at org.springframework.web.filter.OncePerRequestFilter.doFilter(OncePerRequestFilter.java:107)
	at org.apache.catalina.core.ApplicationFilterChain.internalDoFilter(ApplicationFilterChain.java:193)
	at org.apache.catalina.core.ApplicationFilterChain.doFilter(ApplicationFilterChain.java:166)
	at org.springframework.web.filter.CharacterEncodingFilter.doFilterInternal(CharacterEncodingFilter.java:200)
	at org.springframework.web.filter.OncePerRequestFilter.doFilter(OncePerRequestFilter.java:107)
	at org.apache.catalina.core.ApplicationFilterChain.internalDoFilter(ApplicationFilterChain.java:193)
	at org.apache.catalina.core.ApplicationFilterChain.doFilter(ApplicationFilterChain.java:166)
	at org.apache.catalina.core.StandardWrapperValve.invoke(StandardWrapperValve.java:199)
	at org.apache.catalina.core.StandardContextValve.invoke(StandardContextValve.java:96)
	at org.apache.catalina.authenticator.AuthenticatorBase.invoke(AuthenticatorBase.java:490)
	at org.apache.catalina.core.StandardHostValve.invoke(StandardHostValve.java:139)
	at org.apache.catalina.valves.ErrorReportValve.invoke(ErrorReportValve.java:92)
	at org.apache.catalina.core.StandardEngineValve.invoke(StandardEngineValve.java:74)
	at org.apache.catalina.connector.CoyoteAdapter.service(CoyoteAdapter.java:343)
	at org.apache.coyote.http11.Http11Processor.service(Http11Processor.java:408)
	at org.apache.coyote.AbstractProcessorLight.process(AbstractProcessorLight.java:66)
	at org.apache.coyote.AbstractProtocol$ConnectionHandler.process(AbstractProtocol.java:834)
	at org.apache.tomcat.util.net.NioEndpoint$SocketProcessor.doRun(NioEndpoint.java:1417)
	at org.apache.tomcat.util.net.SocketProcessorBase.run(SocketProcessorBase.java:49)
	at java.util.concurrent.ThreadPoolExecutor.runWorker(ThreadPoolExecutor.java:1142)
	at java.util.concurrent.ThreadPoolExecutor$Worker.run(ThreadPoolExecutor.java:617)
	at org.apache.tomcat.util.threads.TaskThread$WrappingRunnable.run(TaskThread.java:61)
	at java.lang.Thread.run(Thread.java:745)
16:48:04.813 logback-mybatis [Thread-10] INFO  o.s.s.c.ThreadPoolTaskExecutor - Shutting down ExecutorService 'applicationTaskExecutor'
16:48:04.818 logback-mybatis [Thread-10] INFO  com.zaxxer.hikari.HikariDataSource - HikariPool-1 - Shutdown initiated...
16:48:04.841 logback-mybatis [Thread-10] INFO  com.zaxxer.hikari.HikariDataSource - HikariPool-1 - Shutdown completed.
